#-----------------------------------------------------------
# Vivado v2019.1 (64-bit)
# SW Build 2552052 on Fri May 24 14:49:42 MDT 2019
# IP Build 2548770 on Fri May 24 18:01:18 MDT 2019
# Start of session at: Sat Dec 26 22:38:24 2020
# Process ID: 11208
# Current directory: C:/Users/aiai/Desktop/study/FPGA/Xlinx/picture_Make_Study/HDMI_picture/HDMI_PICTURE
# Command line: vivado.exe -gui_launcher_event rodinguilauncherevent12560 C:\Users\aiai\Desktop\study\FPGA\Xlinx\picture_Make_Study\HDMI_picture\HDMI_PICTURE\HDMI_PICTURE.xpr
# Log file: C:/Users/aiai/Desktop/study/FPGA/Xlinx/picture_Make_Study/HDMI_picture/HDMI_PICTURE/vivado.log
# Journal file: C:/Users/aiai/Desktop/study/FPGA/Xlinx/picture_Make_Study/HDMI_picture/HDMI_PICTURE\vivado.jou
#-----------------------------------------------------------
start_gui
open_project C:/Users/aiai/Desktop/study/FPGA/Xlinx/picture_Make_Study/HDMI_picture/HDMI_PICTURE/HDMI_PICTURE.xpr
INFO: [ProjectBase 1-489] The host OS only allows 260 characters in a normal path. The project is stored in a path with more than 80 characters. If you experience issues with IP, Block Designs, or files not being found, please consider moving the project to a location with a shorter path. Alternately consider using the OS subst command to map part of the path to a drive letter.
Current project path is 'C:/Users/aiai/Desktop/study/FPGA/Xlinx/picture_Make_Study/HDMI_picture/HDMI_PICTURE'
Scanning sources...
Finished scanning sources
INFO: [IP_Flow 19-234] Refreshing IP repositories
INFO: [IP_Flow 19-1704] No user IP repositories specified
INFO: [IP_Flow 19-2313] Loaded Vivado IP repository 'D:/Vivado/install/Vivado/2019.1/data/ip'.
update_compile_order -fileset sources_1
open_hw
connect_hw_server
INFO: [Labtools 27-2285] Connecting to hw_server url TCP:localhost:3121
open_hw_target
INFO: [Labtoolstcl 44-466] Opening hw_target localhost:3121/xilinx_tcf/Digilent/210512180081
set_property PROGRAM.FILE {C:/Users/aiai/Desktop/study/FPGA/Xlinx/picture_Make_Study/HDMI_picture/HDMI_PICTURE/HDMI_PICTURE.runs/impl_1/LCD_TOP.bit} [get_hw_devices xc7z020_1]
set_property PROBES.FILE {C:/Users/aiai/Desktop/study/FPGA/Xlinx/picture_Make_Study/HDMI_picture/HDMI_PICTURE/HDMI_PICTURE.runs/impl_1/LCD_TOP.ltx} [get_hw_devices xc7z020_1]
set_property FULL_PROBES.FILE {C:/Users/aiai/Desktop/study/FPGA/Xlinx/picture_Make_Study/HDMI_picture/HDMI_PICTURE/HDMI_PICTURE.runs/impl_1/LCD_TOP.ltx} [get_hw_devices xc7z020_1]
current_hw_device [get_hw_devices xc7z020_1]
refresh_hw_device [lindex [get_hw_devices xc7z020_1] 0]
INFO: [Labtools 27-2302] Device xc7z020 (JTAG device index = 1) is programmed with a design that has 1 ILA core(s).
display_hw_ila_data [ get_hw_ila_data hw_ila_data_1 -of_objects [get_hw_ilas -of_objects [get_hw_devices xc7z020_1] -filter {CELL_NAME=~"U_LCD_driver/your_instance_name"}]]
set_property PROBES.FILE {C:/Users/aiai/Desktop/study/FPGA/Xlinx/picture_Make_Study/HDMI_picture/HDMI_PICTURE/HDMI_PICTURE.runs/impl_1/LCD_TOP.ltx} [get_hw_devices xc7z020_1]
set_property FULL_PROBES.FILE {C:/Users/aiai/Desktop/study/FPGA/Xlinx/picture_Make_Study/HDMI_picture/HDMI_PICTURE/HDMI_PICTURE.runs/impl_1/LCD_TOP.ltx} [get_hw_devices xc7z020_1]
set_property PROGRAM.FILE {C:/Users/aiai/Desktop/study/FPGA/Xlinx/picture_Make_Study/HDMI_picture/HDMI_PICTURE/HDMI_PICTURE.runs/impl_1/LCD_TOP.bit} [get_hw_devices xc7z020_1]
program_hw_devices [get_hw_devices xc7z020_1]
INFO: [Labtools 27-3164] End of startup status: HIGH
refresh_hw_device [lindex [get_hw_devices xc7z020_1] 0]
INFO: [Labtools 27-2302] Device xc7z020 (JTAG device index = 1) is programmed with a design that has 1 ILA core(s).
run_hw_ila [get_hw_ilas -of_objects [get_hw_devices xc7z020_1] -filter {CELL_NAME=~"U_LCD_driver/your_instance_name"}]
INFO: [Labtools 27-1964] The ILA core 'hw_ila_1' trigger was armed at 2020-Dec-26 22:39:08
run_hw_ila [get_hw_ilas -of_objects [get_hw_devices xc7z020_1] -filter {CELL_NAME=~"U_LCD_driver/your_instance_name"}]
INFO: [Labtools 27-1964] The ILA core 'hw_ila_1' trigger was armed at 2020-Dec-26 22:39:11
run_hw_ila [get_hw_ilas -of_objects [get_hw_devices xc7z020_1] -filter {CELL_NAME=~"U_LCD_driver/your_instance_name"}]
INFO: [Labtools 27-1964] The ILA core 'hw_ila_1' trigger was armed at 2020-Dec-26 22:39:19
save_wave_config {C:/Users/aiai/Desktop/study/FPGA/Xlinx/picture_Make_Study/HDMI_picture/HDMI_PICTURE/HDMI_PICTURE.hw/hw_1/wave/hw_ila_data_1/hw_ila_data_1.wcfg}
exit
INFO: [Common 17-206] Exiting Vivado at Sat Dec 26 22:40:07 2020...
