
*** Running vivado
    with args -log rom_picture.vds -m64 -product Vivado -mode batch -messageDb vivado.pb -notrace -source rom_picture.tcl


****** Vivado v2019.1 (64-bit)
  **** SW Build 2552052 on Fri May 24 14:49:42 MDT 2019
  **** IP Build 2548770 on Fri May 24 18:01:18 MDT 2019
    ** Copyright 1986-2019 Xilinx, Inc. All Rights Reserved.

source rom_picture.tcl -notrace
Command: synth_design -top rom_picture -part xc7z020clg400-2 -mode out_of_context
Starting synth_design
Attempting to get a license for feature 'Synthesis' and/or device 'xc7z020'
INFO: [Common 17-349] Got license for feature 'Synthesis' and/or device 'xc7z020'
INFO: [Device 21-403] Loading part xc7z020clg400-2
INFO: Launching helper process for spawning children vivado processes
INFO: Helper process launched with PID 9272 
---------------------------------------------------------------------------------
Starting RTL Elaboration : Time (s): cpu = 00:00:06 ; elapsed = 00:00:07 . Memory (MB): peak = 749.570 ; gain = 179.922
---------------------------------------------------------------------------------
INFO: [Synth 8-638] synthesizing module 'rom_picture' [c:/Users/aiai/Desktop/study/FPGA/Xlinx/picture_Make_Study/HDMI_picture/HDMI_PICTURE/HDMI_PICTURE.srcs/sources_1/ip/rom_picture/synth/rom_picture.vhd:67]
	Parameter C_FAMILY bound to: zynq - type: string 
	Parameter C_XDEVICEFAMILY bound to: zynq - type: string 
	Parameter C_ELABORATION_DIR bound to: ./ - type: string 
	Parameter C_INTERFACE_TYPE bound to: 0 - type: integer 
	Parameter C_AXI_TYPE bound to: 1 - type: integer 
	Parameter C_AXI_SLAVE_TYPE bound to: 0 - type: integer 
	Parameter C_USE_BRAM_BLOCK bound to: 0 - type: integer 
	Parameter C_ENABLE_32BIT_ADDRESS bound to: 0 - type: integer 
	Parameter C_CTRL_ECC_ALGO bound to: NONE - type: string 
	Parameter C_HAS_AXI_ID bound to: 0 - type: integer 
	Parameter C_AXI_ID_WIDTH bound to: 4 - type: integer 
	Parameter C_MEM_TYPE bound to: 3 - type: integer 
	Parameter C_BYTE_SIZE bound to: 9 - type: integer 
	Parameter C_ALGORITHM bound to: 1 - type: integer 
	Parameter C_PRIM_TYPE bound to: 1 - type: integer 
	Parameter C_LOAD_INIT_FILE bound to: 1 - type: integer 
	Parameter C_INIT_FILE_NAME bound to: rom_picture.mif - type: string 
	Parameter C_INIT_FILE bound to: rom_picture.mem - type: string 
	Parameter C_USE_DEFAULT_DATA bound to: 0 - type: integer 
	Parameter C_DEFAULT_DATA bound to: 0 - type: string 
	Parameter C_HAS_RSTA bound to: 0 - type: integer 
	Parameter C_RST_PRIORITY_A bound to: CE - type: string 
	Parameter C_RSTRAM_A bound to: 0 - type: integer 
	Parameter C_INITA_VAL bound to: 0 - type: string 
	Parameter C_HAS_ENA bound to: 0 - type: integer 
	Parameter C_HAS_REGCEA bound to: 0 - type: integer 
	Parameter C_USE_BYTE_WEA bound to: 0 - type: integer 
	Parameter C_WEA_WIDTH bound to: 1 - type: integer 
	Parameter C_WRITE_MODE_A bound to: WRITE_FIRST - type: string 
	Parameter C_WRITE_WIDTH_A bound to: 24 - type: integer 
	Parameter C_READ_WIDTH_A bound to: 24 - type: integer 
	Parameter C_WRITE_DEPTH_A bound to: 202200 - type: integer 
	Parameter C_READ_DEPTH_A bound to: 202200 - type: integer 
	Parameter C_ADDRA_WIDTH bound to: 18 - type: integer 
	Parameter C_HAS_RSTB bound to: 0 - type: integer 
	Parameter C_RST_PRIORITY_B bound to: CE - type: string 
	Parameter C_RSTRAM_B bound to: 0 - type: integer 
	Parameter C_INITB_VAL bound to: 0 - type: string 
	Parameter C_HAS_ENB bound to: 0 - type: integer 
	Parameter C_HAS_REGCEB bound to: 0 - type: integer 
	Parameter C_USE_BYTE_WEB bound to: 0 - type: integer 
	Parameter C_WEB_WIDTH bound to: 1 - type: integer 
	Parameter C_WRITE_MODE_B bound to: WRITE_FIRST - type: string 
	Parameter C_WRITE_WIDTH_B bound to: 24 - type: integer 
	Parameter C_READ_WIDTH_B bound to: 24 - type: integer 
	Parameter C_WRITE_DEPTH_B bound to: 202200 - type: integer 
	Parameter C_READ_DEPTH_B bound to: 202200 - type: integer 
	Parameter C_ADDRB_WIDTH bound to: 18 - type: integer 
	Parameter C_HAS_MEM_OUTPUT_REGS_A bound to: 1 - type: integer 
	Parameter C_HAS_MEM_OUTPUT_REGS_B bound to: 0 - type: integer 
	Parameter C_HAS_MUX_OUTPUT_REGS_A bound to: 0 - type: integer 
	Parameter C_HAS_MUX_OUTPUT_REGS_B bound to: 0 - type: integer 
	Parameter C_MUX_PIPELINE_STAGES bound to: 0 - type: integer 
	Parameter C_HAS_SOFTECC_INPUT_REGS_A bound to: 0 - type: integer 
	Parameter C_HAS_SOFTECC_OUTPUT_REGS_B bound to: 0 - type: integer 
	Parameter C_USE_SOFTECC bound to: 0 - type: integer 
	Parameter C_USE_ECC bound to: 0 - type: integer 
	Parameter C_EN_ECC_PIPE bound to: 0 - type: integer 
	Parameter C_READ_LATENCY_A bound to: 1 - type: integer 
	Parameter C_READ_LATENCY_B bound to: 1 - type: integer 
	Parameter C_HAS_INJECTERR bound to: 0 - type: integer 
	Parameter C_SIM_COLLISION_CHECK bound to: ALL - type: string 
	Parameter C_COMMON_CLK bound to: 0 - type: integer 
	Parameter C_DISABLE_WARN_BHV_COLL bound to: 0 - type: integer 
	Parameter C_EN_SLEEP_PIN bound to: 0 - type: integer 
	Parameter C_USE_URAM bound to: 0 - type: integer 
	Parameter C_EN_RDADDRA_CHG bound to: 0 - type: integer 
	Parameter C_EN_RDADDRB_CHG bound to: 0 - type: integer 
	Parameter C_EN_DEEPSLEEP_PIN bound to: 0 - type: integer 
	Parameter C_EN_SHUTDOWN_PIN bound to: 0 - type: integer 
	Parameter C_EN_SAFETY_CKT bound to: 0 - type: integer 
	Parameter C_DISABLE_WARN_BHV_RANGE bound to: 0 - type: integer 
	Parameter C_COUNT_36K_BRAM bound to: 136 - type: string 
	Parameter C_COUNT_18K_BRAM bound to: 1 - type: string 
	Parameter C_EST_POWER_SUMMARY bound to: Estimated Power for IP     :     17.328622 mW - type: string 
INFO: [Synth 8-3491] module 'blk_mem_gen_v8_4_3' declared at 'c:/Users/aiai/Desktop/study/FPGA/Xlinx/picture_Make_Study/HDMI_picture/HDMI_PICTURE/HDMI_PICTURE.srcs/sources_1/ip/rom_picture/hdl/blk_mem_gen_v8_4_vhsyn_rfs.vhd:195321' bound to instance 'U0' of component 'blk_mem_gen_v8_4_3' [c:/Users/aiai/Desktop/study/FPGA/Xlinx/picture_Make_Study/HDMI_picture/HDMI_PICTURE/HDMI_PICTURE.srcs/sources_1/ip/rom_picture/synth/rom_picture.vhd:230]
INFO: [Synth 8-256] done synthesizing module 'rom_picture' (11#1) [c:/Users/aiai/Desktop/study/FPGA/Xlinx/picture_Make_Study/HDMI_picture/HDMI_PICTURE/HDMI_PICTURE.srcs/sources_1/ip/rom_picture/synth/rom_picture.vhd:67]
WARNING: [Synth 8-3331] design blk_mem_gen_mux__parameterized0 has unconnected port MUX_RST[0]
WARNING: [Synth 8-3331] design blk_mem_gen_mux__parameterized0 has unconnected port MEM_LAT_RST
WARNING: [Synth 8-3331] design blk_mem_gen_mux__parameterized0 has unconnected port MEM_REG_RST
WARNING: [Synth 8-3331] design blk_mem_gen_mux__parameterized0 has unconnected port MUX_REGCE[0]
WARNING: [Synth 8-3331] design blk_mem_gen_mux__parameterized0 has unconnected port MEM_REGCE
WARNING: [Synth 8-3331] design blk_mem_gen_mux__parameterized0 has unconnected port WE
WARNING: [Synth 8-3331] design blk_mem_gen_mux__parameterized0 has unconnected port ADDR_IN[17]
WARNING: [Synth 8-3331] design blk_mem_gen_mux__parameterized0 has unconnected port ADDR_IN[16]
WARNING: [Synth 8-3331] design blk_mem_gen_mux__parameterized0 has unconnected port ADDR_IN[15]
WARNING: [Synth 8-3331] design blk_mem_gen_mux__parameterized0 has unconnected port ADDR_IN[14]
WARNING: [Synth 8-3331] design blk_mem_gen_mux__parameterized0 has unconnected port ADDR_IN[13]
WARNING: [Synth 8-3331] design blk_mem_gen_mux__parameterized0 has unconnected port ADDR_IN[12]
WARNING: [Synth 8-3331] design blk_mem_gen_mux__parameterized0 has unconnected port ADDR_IN[11]
WARNING: [Synth 8-3331] design blk_mem_gen_mux__parameterized0 has unconnected port ADDR_IN[10]
WARNING: [Synth 8-3331] design blk_mem_gen_mux__parameterized0 has unconnected port ADDR_IN[9]
WARNING: [Synth 8-3331] design blk_mem_gen_mux__parameterized0 has unconnected port ADDR_IN[8]
WARNING: [Synth 8-3331] design blk_mem_gen_mux__parameterized0 has unconnected port ADDR_IN[7]
WARNING: [Synth 8-3331] design blk_mem_gen_mux__parameterized0 has unconnected port ADDR_IN[6]
WARNING: [Synth 8-3331] design blk_mem_gen_mux__parameterized0 has unconnected port ADDR_IN[5]
WARNING: [Synth 8-3331] design blk_mem_gen_mux__parameterized0 has unconnected port ADDR_IN[4]
WARNING: [Synth 8-3331] design blk_mem_gen_mux__parameterized0 has unconnected port ADDR_IN[3]
WARNING: [Synth 8-3331] design blk_mem_gen_mux__parameterized0 has unconnected port ADDR_IN[2]
WARNING: [Synth 8-3331] design blk_mem_gen_mux__parameterized0 has unconnected port ADDR_IN[1]
WARNING: [Synth 8-3331] design blk_mem_gen_mux__parameterized0 has unconnected port ADDR_IN[0]
WARNING: [Synth 8-3331] design blk_mem_gen_mux__parameterized0 has unconnected port SBITERRIN[3071]
WARNING: [Synth 8-3331] design blk_mem_gen_mux__parameterized0 has unconnected port SBITERRIN[3070]
WARNING: [Synth 8-3331] design blk_mem_gen_mux__parameterized0 has unconnected port SBITERRIN[3069]
WARNING: [Synth 8-3331] design blk_mem_gen_mux__parameterized0 has unconnected port SBITERRIN[3068]
WARNING: [Synth 8-3331] design blk_mem_gen_mux__parameterized0 has unconnected port SBITERRIN[3067]
WARNING: [Synth 8-3331] design blk_mem_gen_mux__parameterized0 has unconnected port SBITERRIN[3066]
WARNING: [Synth 8-3331] design blk_mem_gen_mux__parameterized0 has unconnected port SBITERRIN[3065]
WARNING: [Synth 8-3331] design blk_mem_gen_mux__parameterized0 has unconnected port SBITERRIN[3064]
WARNING: [Synth 8-3331] design blk_mem_gen_mux__parameterized0 has unconnected port SBITERRIN[3063]
WARNING: [Synth 8-3331] design blk_mem_gen_mux__parameterized0 has unconnected port SBITERRIN[3062]
WARNING: [Synth 8-3331] design blk_mem_gen_mux__parameterized0 has unconnected port SBITERRIN[3061]
WARNING: [Synth 8-3331] design blk_mem_gen_mux__parameterized0 has unconnected port SBITERRIN[3060]
WARNING: [Synth 8-3331] design blk_mem_gen_mux__parameterized0 has unconnected port SBITERRIN[3059]
WARNING: [Synth 8-3331] design blk_mem_gen_mux__parameterized0 has unconnected port SBITERRIN[3058]
WARNING: [Synth 8-3331] design blk_mem_gen_mux__parameterized0 has unconnected port SBITERRIN[3057]
WARNING: [Synth 8-3331] design blk_mem_gen_mux__parameterized0 has unconnected port SBITERRIN[3056]
WARNING: [Synth 8-3331] design blk_mem_gen_mux__parameterized0 has unconnected port SBITERRIN[3055]
WARNING: [Synth 8-3331] design blk_mem_gen_mux__parameterized0 has unconnected port SBITERRIN[3054]
WARNING: [Synth 8-3331] design blk_mem_gen_mux__parameterized0 has unconnected port SBITERRIN[3053]
WARNING: [Synth 8-3331] design blk_mem_gen_mux__parameterized0 has unconnected port SBITERRIN[3052]
WARNING: [Synth 8-3331] design blk_mem_gen_mux__parameterized0 has unconnected port SBITERRIN[3051]
WARNING: [Synth 8-3331] design blk_mem_gen_mux__parameterized0 has unconnected port SBITERRIN[3050]
WARNING: [Synth 8-3331] design blk_mem_gen_mux__parameterized0 has unconnected port SBITERRIN[3049]
WARNING: [Synth 8-3331] design blk_mem_gen_mux__parameterized0 has unconnected port SBITERRIN[3048]
WARNING: [Synth 8-3331] design blk_mem_gen_mux__parameterized0 has unconnected port SBITERRIN[3047]
WARNING: [Synth 8-3331] design blk_mem_gen_mux__parameterized0 has unconnected port SBITERRIN[3046]
WARNING: [Synth 8-3331] design blk_mem_gen_mux__parameterized0 has unconnected port SBITERRIN[3045]
WARNING: [Synth 8-3331] design blk_mem_gen_mux__parameterized0 has unconnected port SBITERRIN[3044]
WARNING: [Synth 8-3331] design blk_mem_gen_mux__parameterized0 has unconnected port SBITERRIN[3043]
WARNING: [Synth 8-3331] design blk_mem_gen_mux__parameterized0 has unconnected port SBITERRIN[3042]
WARNING: [Synth 8-3331] design blk_mem_gen_mux__parameterized0 has unconnected port SBITERRIN[3041]
WARNING: [Synth 8-3331] design blk_mem_gen_mux__parameterized0 has unconnected port SBITERRIN[3040]
WARNING: [Synth 8-3331] design blk_mem_gen_mux__parameterized0 has unconnected port SBITERRIN[3039]
WARNING: [Synth 8-3331] design blk_mem_gen_mux__parameterized0 has unconnected port SBITERRIN[3038]
WARNING: [Synth 8-3331] design blk_mem_gen_mux__parameterized0 has unconnected port SBITERRIN[3037]
WARNING: [Synth 8-3331] design blk_mem_gen_mux__parameterized0 has unconnected port SBITERRIN[3036]
WARNING: [Synth 8-3331] design blk_mem_gen_mux__parameterized0 has unconnected port SBITERRIN[3035]
WARNING: [Synth 8-3331] design blk_mem_gen_mux__parameterized0 has unconnected port SBITERRIN[3034]
WARNING: [Synth 8-3331] design blk_mem_gen_mux__parameterized0 has unconnected port SBITERRIN[3033]
WARNING: [Synth 8-3331] design blk_mem_gen_mux__parameterized0 has unconnected port SBITERRIN[3032]
WARNING: [Synth 8-3331] design blk_mem_gen_mux__parameterized0 has unconnected port SBITERRIN[3031]
WARNING: [Synth 8-3331] design blk_mem_gen_mux__parameterized0 has unconnected port SBITERRIN[3030]
WARNING: [Synth 8-3331] design blk_mem_gen_mux__parameterized0 has unconnected port SBITERRIN[3029]
WARNING: [Synth 8-3331] design blk_mem_gen_mux__parameterized0 has unconnected port SBITERRIN[3028]
WARNING: [Synth 8-3331] design blk_mem_gen_mux__parameterized0 has unconnected port SBITERRIN[3027]
WARNING: [Synth 8-3331] design blk_mem_gen_mux__parameterized0 has unconnected port SBITERRIN[3026]
WARNING: [Synth 8-3331] design blk_mem_gen_mux__parameterized0 has unconnected port SBITERRIN[3025]
WARNING: [Synth 8-3331] design blk_mem_gen_mux__parameterized0 has unconnected port SBITERRIN[3024]
WARNING: [Synth 8-3331] design blk_mem_gen_mux__parameterized0 has unconnected port SBITERRIN[3023]
WARNING: [Synth 8-3331] design blk_mem_gen_mux__parameterized0 has unconnected port SBITERRIN[3022]
WARNING: [Synth 8-3331] design blk_mem_gen_mux__parameterized0 has unconnected port SBITERRIN[3021]
WARNING: [Synth 8-3331] design blk_mem_gen_mux__parameterized0 has unconnected port SBITERRIN[3020]
WARNING: [Synth 8-3331] design blk_mem_gen_mux__parameterized0 has unconnected port SBITERRIN[3019]
WARNING: [Synth 8-3331] design blk_mem_gen_mux__parameterized0 has unconnected port SBITERRIN[3018]
WARNING: [Synth 8-3331] design blk_mem_gen_mux__parameterized0 has unconnected port SBITERRIN[3017]
WARNING: [Synth 8-3331] design blk_mem_gen_mux__parameterized0 has unconnected port SBITERRIN[3016]
WARNING: [Synth 8-3331] design blk_mem_gen_mux__parameterized0 has unconnected port SBITERRIN[3015]
WARNING: [Synth 8-3331] design blk_mem_gen_mux__parameterized0 has unconnected port SBITERRIN[3014]
WARNING: [Synth 8-3331] design blk_mem_gen_mux__parameterized0 has unconnected port SBITERRIN[3013]
WARNING: [Synth 8-3331] design blk_mem_gen_mux__parameterized0 has unconnected port SBITERRIN[3012]
WARNING: [Synth 8-3331] design blk_mem_gen_mux__parameterized0 has unconnected port SBITERRIN[3011]
WARNING: [Synth 8-3331] design blk_mem_gen_mux__parameterized0 has unconnected port SBITERRIN[3010]
WARNING: [Synth 8-3331] design blk_mem_gen_mux__parameterized0 has unconnected port SBITERRIN[3009]
WARNING: [Synth 8-3331] design blk_mem_gen_mux__parameterized0 has unconnected port SBITERRIN[3008]
WARNING: [Synth 8-3331] design blk_mem_gen_mux__parameterized0 has unconnected port SBITERRIN[3007]
WARNING: [Synth 8-3331] design blk_mem_gen_mux__parameterized0 has unconnected port SBITERRIN[3006]
WARNING: [Synth 8-3331] design blk_mem_gen_mux__parameterized0 has unconnected port SBITERRIN[3005]
WARNING: [Synth 8-3331] design blk_mem_gen_mux__parameterized0 has unconnected port SBITERRIN[3004]
WARNING: [Synth 8-3331] design blk_mem_gen_mux__parameterized0 has unconnected port SBITERRIN[3003]
WARNING: [Synth 8-3331] design blk_mem_gen_mux__parameterized0 has unconnected port SBITERRIN[3002]
WARNING: [Synth 8-3331] design blk_mem_gen_mux__parameterized0 has unconnected port SBITERRIN[3001]
WARNING: [Synth 8-3331] design blk_mem_gen_mux__parameterized0 has unconnected port SBITERRIN[3000]
WARNING: [Synth 8-3331] design blk_mem_gen_mux__parameterized0 has unconnected port SBITERRIN[2999]
WARNING: [Synth 8-3331] design blk_mem_gen_mux__parameterized0 has unconnected port SBITERRIN[2998]
WARNING: [Synth 8-3331] design blk_mem_gen_mux__parameterized0 has unconnected port SBITERRIN[2997]
WARNING: [Synth 8-3331] design blk_mem_gen_mux__parameterized0 has unconnected port SBITERRIN[2996]
INFO: [Common 17-14] Message 'Synth 8-3331' appears 100 times and further instances of the messages will be disabled. Use the Tcl command set_msg_config to change the current settings.
---------------------------------------------------------------------------------
Finished RTL Elaboration : Time (s): cpu = 00:04:35 ; elapsed = 00:04:37 . Memory (MB): peak = 1543.352 ; gain = 973.703
---------------------------------------------------------------------------------

Report Check Netlist: 
+------+------------------+-------+---------+-------+------------------+
|      |Item              |Errors |Warnings |Status |Description       |
+------+------------------+-------+---------+-------+------------------+
|1     |multi_driven_nets |      0|        0|Passed |Multi driven nets |
+------+------------------+-------+---------+-------+------------------+
---------------------------------------------------------------------------------
Start Handling Custom Attributes
---------------------------------------------------------------------------------
---------------------------------------------------------------------------------
Finished Handling Custom Attributes : Time (s): cpu = 00:04:35 ; elapsed = 00:04:38 . Memory (MB): peak = 1543.352 ; gain = 973.703
---------------------------------------------------------------------------------
---------------------------------------------------------------------------------
Finished RTL Optimization Phase 1 : Time (s): cpu = 00:04:35 ; elapsed = 00:04:38 . Memory (MB): peak = 1543.352 ; gain = 973.703
---------------------------------------------------------------------------------
INFO: [Netlist 29-17] Analyzing 137 Unisim elements for replacement
INFO: [Netlist 29-28] Unisim Transformation completed in 0 CPU seconds
INFO: [Project 1-570] Preparing netlist for logic optimization

Processing XDC Constraints
Initializing timing engine
Parsing XDC File [c:/Users/aiai/Desktop/study/FPGA/Xlinx/picture_Make_Study/HDMI_picture/HDMI_PICTURE/HDMI_PICTURE.srcs/sources_1/ip/rom_picture/rom_picture_ooc.xdc] for cell 'U0'
Finished Parsing XDC File [c:/Users/aiai/Desktop/study/FPGA/Xlinx/picture_Make_Study/HDMI_picture/HDMI_PICTURE/HDMI_PICTURE.srcs/sources_1/ip/rom_picture/rom_picture_ooc.xdc] for cell 'U0'
Parsing XDC File [C:/Users/aiai/Desktop/study/FPGA/Xlinx/picture_Make_Study/HDMI_picture/HDMI_PICTURE/HDMI_PICTURE.runs/rom_picture_synth_1/dont_touch.xdc]
Finished Parsing XDC File [C:/Users/aiai/Desktop/study/FPGA/Xlinx/picture_Make_Study/HDMI_picture/HDMI_PICTURE/HDMI_PICTURE.runs/rom_picture_synth_1/dont_touch.xdc]
Completed Processing XDC Constraints

Netlist sorting complete. Time (s): cpu = 00:00:00 ; elapsed = 00:00:00.002 . Memory (MB): peak = 1543.352 ; gain = 0.000
INFO: [Project 1-111] Unisim Transformation Summary:
No Unisim elements were transformed.

Constraint Validation Runtime : Time (s): cpu = 00:00:00 ; elapsed = 00:00:00.163 . Memory (MB): peak = 1543.352 ; gain = 0.000
---------------------------------------------------------------------------------
Finished Constraint Validation : Time (s): cpu = 00:04:43 ; elapsed = 00:04:46 . Memory (MB): peak = 1543.352 ; gain = 973.703
---------------------------------------------------------------------------------
---------------------------------------------------------------------------------
Start Loading Part and Timing Information
---------------------------------------------------------------------------------
Loading part: xc7z020clg400-2
---------------------------------------------------------------------------------
Finished Loading Part and Timing Information : Time (s): cpu = 00:04:43 ; elapsed = 00:04:46 . Memory (MB): peak = 1543.352 ; gain = 973.703
---------------------------------------------------------------------------------
---------------------------------------------------------------------------------
Start Applying 'set_property' XDC Constraints
---------------------------------------------------------------------------------
Applied set_property DONT_TOUCH = true for U0. (constraint file  C:/Users/aiai/Desktop/study/FPGA/Xlinx/picture_Make_Study/HDMI_picture/HDMI_PICTURE/HDMI_PICTURE.runs/rom_picture_synth_1/dont_touch.xdc, line 9).
---------------------------------------------------------------------------------
Finished applying 'set_property' XDC Constraints : Time (s): cpu = 00:04:43 ; elapsed = 00:04:46 . Memory (MB): peak = 1543.352 ; gain = 973.703
---------------------------------------------------------------------------------
---------------------------------------------------------------------------------
Finished RTL Optimization Phase 2 : Time (s): cpu = 00:04:46 ; elapsed = 00:04:49 . Memory (MB): peak = 1543.352 ; gain = 973.703
---------------------------------------------------------------------------------

Report RTL Partitions: 
+-+--------------+------------+----------+
| |RTL Partition |Replication |Instances |
+-+--------------+------------+----------+
+-+--------------+------------+----------+
---------------------------------------------------------------------------------
Start RTL Component Statistics 
---------------------------------------------------------------------------------
Detailed RTL Component Info : 
+---Registers : 
	               18 Bit    Registers := 1     
	                7 Bit    Registers := 3     
+---Muxes : 
	   2 Input      1 Bit        Muxes := 257   
---------------------------------------------------------------------------------
Finished RTL Component Statistics 
---------------------------------------------------------------------------------
---------------------------------------------------------------------------------
Start RTL Hierarchical Component Statistics 
---------------------------------------------------------------------------------
Hierarchical RTL Component report 
Module bindec 
Detailed RTL Component Info : 
+---Muxes : 
	   2 Input      1 Bit        Muxes := 128   
Module blk_mem_gen_mux 
Detailed RTL Component Info : 
+---Registers : 
	               18 Bit    Registers := 1     
	                7 Bit    Registers := 2     
+---Muxes : 
	   2 Input      1 Bit        Muxes := 1     
Module blk_mem_gen_mux__parameterized0 
Detailed RTL Component Info : 
+---Registers : 
	                7 Bit    Registers := 1     
---------------------------------------------------------------------------------
Finished RTL Hierarchical Component Statistics
---------------------------------------------------------------------------------
---------------------------------------------------------------------------------
Start Part Resource Summary
---------------------------------------------------------------------------------
Part Resources:
DSPs: 220 (col length:60)
BRAMs: 280 (col length: RAMB18 60 RAMB36 30)
---------------------------------------------------------------------------------
Finished Part Resource Summary
---------------------------------------------------------------------------------
---------------------------------------------------------------------------------
Start Cross Boundary and Area Optimization
---------------------------------------------------------------------------------
Warning: Parallel synthesis criteria is not met 
---------------------------------------------------------------------------------
Finished Cross Boundary and Area Optimization : Time (s): cpu = 00:04:50 ; elapsed = 00:04:53 . Memory (MB): peak = 1543.352 ; gain = 973.703
---------------------------------------------------------------------------------

Report RTL Partitions: 
+-+--------------+------------+----------+
| |RTL Partition |Replication |Instances |
+-+--------------+------------+----------+
+-+--------------+------------+----------+
---------------------------------------------------------------------------------
Start Applying XDC Timing Constraints
---------------------------------------------------------------------------------
---------------------------------------------------------------------------------
Finished Applying XDC Timing Constraints : Time (s): cpu = 00:04:57 ; elapsed = 00:05:00 . Memory (MB): peak = 1543.352 ; gain = 973.703
---------------------------------------------------------------------------------
---------------------------------------------------------------------------------
Start Timing Optimization
---------------------------------------------------------------------------------
---------------------------------------------------------------------------------
Finished Timing Optimization : Time (s): cpu = 00:04:57 ; elapsed = 00:05:01 . Memory (MB): peak = 1543.352 ; gain = 973.703
---------------------------------------------------------------------------------

Report RTL Partitions: 
+-+--------------+------------+----------+
| |RTL Partition |Replication |Instances |
+-+--------------+------------+----------+
+-+--------------+------------+----------+
---------------------------------------------------------------------------------
Start Technology Mapping
---------------------------------------------------------------------------------
---------------------------------------------------------------------------------
Finished Technology Mapping : Time (s): cpu = 00:04:57 ; elapsed = 00:05:01 . Memory (MB): peak = 1543.352 ; gain = 973.703
---------------------------------------------------------------------------------

Report RTL Partitions: 
+-+--------------+------------+----------+
| |RTL Partition |Replication |Instances |
+-+--------------+------------+----------+
+-+--------------+------------+----------+
---------------------------------------------------------------------------------
Start IO Insertion
---------------------------------------------------------------------------------
---------------------------------------------------------------------------------
Start Flattening Before IO Insertion
---------------------------------------------------------------------------------
---------------------------------------------------------------------------------
Finished Flattening Before IO Insertion
---------------------------------------------------------------------------------
---------------------------------------------------------------------------------
Start Final Netlist Cleanup
---------------------------------------------------------------------------------
---------------------------------------------------------------------------------
Finished Final Netlist Cleanup
---------------------------------------------------------------------------------
---------------------------------------------------------------------------------
Finished IO Insertion : Time (s): cpu = 00:04:59 ; elapsed = 00:05:02 . Memory (MB): peak = 1543.352 ; gain = 973.703
---------------------------------------------------------------------------------

Report Check Netlist: 
+------+------------------+-------+---------+-------+------------------+
|      |Item              |Errors |Warnings |Status |Description       |
+------+------------------+-------+---------+-------+------------------+
|1     |multi_driven_nets |      0|        0|Passed |Multi driven nets |
+------+------------------+-------+---------+-------+------------------+
---------------------------------------------------------------------------------
Start Renaming Generated Instances
---------------------------------------------------------------------------------
---------------------------------------------------------------------------------
Finished Renaming Generated Instances : Time (s): cpu = 00:04:59 ; elapsed = 00:05:02 . Memory (MB): peak = 1543.352 ; gain = 973.703
---------------------------------------------------------------------------------

Report RTL Partitions: 
+-+--------------+------------+----------+
| |RTL Partition |Replication |Instances |
+-+--------------+------------+----------+
+-+--------------+------------+----------+
---------------------------------------------------------------------------------
Start Rebuilding User Hierarchy
---------------------------------------------------------------------------------
---------------------------------------------------------------------------------
Finished Rebuilding User Hierarchy : Time (s): cpu = 00:04:59 ; elapsed = 00:05:03 . Memory (MB): peak = 1543.352 ; gain = 973.703
---------------------------------------------------------------------------------
---------------------------------------------------------------------------------
Start Renaming Generated Ports
---------------------------------------------------------------------------------
---------------------------------------------------------------------------------
Finished Renaming Generated Ports : Time (s): cpu = 00:04:59 ; elapsed = 00:05:03 . Memory (MB): peak = 1543.352 ; gain = 973.703
---------------------------------------------------------------------------------
---------------------------------------------------------------------------------
Start Handling Custom Attributes
---------------------------------------------------------------------------------
---------------------------------------------------------------------------------
Finished Handling Custom Attributes : Time (s): cpu = 00:04:59 ; elapsed = 00:05:03 . Memory (MB): peak = 1543.352 ; gain = 973.703
---------------------------------------------------------------------------------
---------------------------------------------------------------------------------
Start Renaming Generated Nets
---------------------------------------------------------------------------------
---------------------------------------------------------------------------------
Finished Renaming Generated Nets : Time (s): cpu = 00:04:59 ; elapsed = 00:05:03 . Memory (MB): peak = 1543.352 ; gain = 973.703
---------------------------------------------------------------------------------
---------------------------------------------------------------------------------
Start Writing Synthesis Report
---------------------------------------------------------------------------------

Report BlackBoxes: 
+-+--------------+----------+
| |BlackBox name |Instances |
+-+--------------+----------+
+-+--------------+----------+

Report Cell Usage: 
+------+-------------+------+
|      |Cell         |Count |
+------+-------------+------+
|1     |LUT2         |     5|
|2     |LUT3         |     3|
|3     |LUT4         |     6|
|4     |LUT5         |     1|
|5     |LUT6         |   307|
|6     |MUXF7        |   108|
|7     |MUXF8        |    54|
|8     |RAMB18E1     |     1|
|9     |RAMB36E1     |     1|
|10    |RAMB36E1_1   |     1|
|11    |RAMB36E1_10  |     1|
|12    |RAMB36E1_100 |     1|
|13    |RAMB36E1_101 |     1|
|14    |RAMB36E1_102 |     1|
|15    |RAMB36E1_103 |     1|
|16    |RAMB36E1_104 |     1|
|17    |RAMB36E1_105 |     1|
|18    |RAMB36E1_106 |     1|
|19    |RAMB36E1_107 |     1|
|20    |RAMB36E1_108 |     1|
|21    |RAMB36E1_109 |     1|
|22    |RAMB36E1_11  |     1|
|23    |RAMB36E1_110 |     1|
|24    |RAMB36E1_111 |     1|
|25    |RAMB36E1_112 |     1|
|26    |RAMB36E1_113 |     1|
|27    |RAMB36E1_114 |     1|
|28    |RAMB36E1_115 |     1|
|29    |RAMB36E1_116 |     1|
|30    |RAMB36E1_117 |     1|
|31    |RAMB36E1_118 |     1|
|32    |RAMB36E1_119 |     1|
|33    |RAMB36E1_12  |     1|
|34    |RAMB36E1_120 |     1|
|35    |RAMB36E1_121 |     1|
|36    |RAMB36E1_122 |     1|
|37    |RAMB36E1_123 |     1|
|38    |RAMB36E1_124 |     1|
|39    |RAMB36E1_125 |     1|
|40    |RAMB36E1_126 |     1|
|41    |RAMB36E1_127 |     1|
|42    |RAMB36E1_128 |     1|
|43    |RAMB36E1_129 |     1|
|44    |RAMB36E1_13  |     1|
|45    |RAMB36E1_130 |     1|
|46    |RAMB36E1_131 |     1|
|47    |RAMB36E1_132 |     1|
|48    |RAMB36E1_133 |     1|
|49    |RAMB36E1_134 |     1|
|50    |RAMB36E1_135 |     1|
|51    |RAMB36E1_14  |     1|
|52    |RAMB36E1_15  |     1|
|53    |RAMB36E1_16  |     1|
|54    |RAMB36E1_17  |     1|
|55    |RAMB36E1_18  |     1|
|56    |RAMB36E1_19  |     1|
|57    |RAMB36E1_2   |     1|
|58    |RAMB36E1_20  |     1|
|59    |RAMB36E1_21  |     1|
|60    |RAMB36E1_22  |     1|
|61    |RAMB36E1_23  |     1|
|62    |RAMB36E1_24  |     1|
|63    |RAMB36E1_25  |     1|
|64    |RAMB36E1_26  |     1|
|65    |RAMB36E1_27  |     1|
|66    |RAMB36E1_28  |     1|
|67    |RAMB36E1_29  |     1|
|68    |RAMB36E1_3   |     1|
|69    |RAMB36E1_30  |     1|
|70    |RAMB36E1_31  |     1|
|71    |RAMB36E1_32  |     1|
|72    |RAMB36E1_33  |     1|
|73    |RAMB36E1_34  |     1|
|74    |RAMB36E1_35  |     1|
|75    |RAMB36E1_36  |     1|
|76    |RAMB36E1_37  |     1|
|77    |RAMB36E1_38  |     1|
|78    |RAMB36E1_39  |     1|
|79    |RAMB36E1_4   |     1|
|80    |RAMB36E1_40  |     1|
|81    |RAMB36E1_41  |     1|
|82    |RAMB36E1_42  |     1|
|83    |RAMB36E1_43  |     1|
|84    |RAMB36E1_44  |     1|
|85    |RAMB36E1_45  |     1|
|86    |RAMB36E1_46  |     1|
|87    |RAMB36E1_47  |     1|
|88    |RAMB36E1_48  |     1|
|89    |RAMB36E1_49  |     1|
|90    |RAMB36E1_5   |     1|
|91    |RAMB36E1_50  |     1|
|92    |RAMB36E1_51  |     1|
|93    |RAMB36E1_52  |     1|
|94    |RAMB36E1_53  |     1|
|95    |RAMB36E1_54  |     1|
|96    |RAMB36E1_55  |     1|
|97    |RAMB36E1_56  |     1|
|98    |RAMB36E1_57  |     1|
|99    |RAMB36E1_58  |     1|
|100   |RAMB36E1_59  |     1|
|101   |RAMB36E1_6   |     1|
|102   |RAMB36E1_60  |     1|
|103   |RAMB36E1_61  |     1|
|104   |RAMB36E1_62  |     1|
|105   |RAMB36E1_63  |     1|
|106   |RAMB36E1_64  |     1|
|107   |RAMB36E1_65  |     1|
|108   |RAMB36E1_66  |     1|
|109   |RAMB36E1_67  |     1|
|110   |RAMB36E1_68  |     1|
|111   |RAMB36E1_69  |     1|
|112   |RAMB36E1_7   |     1|
|113   |RAMB36E1_70  |     1|
|114   |RAMB36E1_71  |     1|
|115   |RAMB36E1_72  |     1|
|116   |RAMB36E1_73  |     1|
|117   |RAMB36E1_74  |     1|
|118   |RAMB36E1_75  |     1|
|119   |RAMB36E1_76  |     1|
|120   |RAMB36E1_77  |     1|
|121   |RAMB36E1_78  |     1|
|122   |RAMB36E1_79  |     1|
|123   |RAMB36E1_8   |     1|
|124   |RAMB36E1_80  |     1|
|125   |RAMB36E1_81  |     1|
|126   |RAMB36E1_82  |     1|
|127   |RAMB36E1_83  |     1|
|128   |RAMB36E1_84  |     1|
|129   |RAMB36E1_85  |     1|
|130   |RAMB36E1_86  |     1|
|131   |RAMB36E1_87  |     1|
|132   |RAMB36E1_88  |     1|
|133   |RAMB36E1_89  |     1|
|134   |RAMB36E1_9   |     1|
|135   |RAMB36E1_90  |     1|
|136   |RAMB36E1_91  |     1|
|137   |RAMB36E1_92  |     1|
|138   |RAMB36E1_93  |     1|
|139   |RAMB36E1_94  |     1|
|140   |RAMB36E1_95  |     1|
|141   |RAMB36E1_96  |     1|
|142   |RAMB36E1_97  |     1|
|143   |RAMB36E1_98  |     1|
|144   |RAMB36E1_99  |     1|
|145   |FDRE         |    16|
+------+-------------+------+

Report Instance Areas: 
+------+---------------------------------------------+------------------------------------------------+------+
|      |Instance                                     |Module                                          |Cells |
+------+---------------------------------------------+------------------------------------------------+------+
|1     |top                                          |                                                |   637|
|2     |  U0                                         |blk_mem_gen_v8_4_3                              |   637|
|3     |    inst_blk_mem_gen                         |blk_mem_gen_v8_4_3_synth                        |   637|
|4     |      \gnbram.gnativebmg.native_blk_mem_gen  |blk_mem_gen_top                                 |   637|
|5     |        \valid.cstr                          |blk_mem_gen_generic_cstr                        |   637|
|6     |          \has_mux_a.A                       |blk_mem_gen_mux                                 |   446|
|7     |          \ramloop[0].ram.r                  |blk_mem_gen_prim_width                          |     2|
|8     |            \prim_init.ram                   |blk_mem_gen_prim_wrapper_init                   |     2|
|9     |          \ramloop[100].ram.r                |blk_mem_gen_prim_width__parameterized99         |     1|
|10    |            \prim_init.ram                   |blk_mem_gen_prim_wrapper_init__parameterized99  |     1|
|11    |          \ramloop[101].ram.r                |blk_mem_gen_prim_width__parameterized100        |     1|
|12    |            \prim_init.ram                   |blk_mem_gen_prim_wrapper_init__parameterized100 |     1|
|13    |          \ramloop[102].ram.r                |blk_mem_gen_prim_width__parameterized101        |     1|
|14    |            \prim_init.ram                   |blk_mem_gen_prim_wrapper_init__parameterized101 |     1|
|15    |          \ramloop[103].ram.r                |blk_mem_gen_prim_width__parameterized102        |     1|
|16    |            \prim_init.ram                   |blk_mem_gen_prim_wrapper_init__parameterized102 |     1|
|17    |          \ramloop[104].ram.r                |blk_mem_gen_prim_width__parameterized103        |     1|
|18    |            \prim_init.ram                   |blk_mem_gen_prim_wrapper_init__parameterized103 |     1|
|19    |          \ramloop[105].ram.r                |blk_mem_gen_prim_width__parameterized104        |     1|
|20    |            \prim_init.ram                   |blk_mem_gen_prim_wrapper_init__parameterized104 |     1|
|21    |          \ramloop[106].ram.r                |blk_mem_gen_prim_width__parameterized105        |     1|
|22    |            \prim_init.ram                   |blk_mem_gen_prim_wrapper_init__parameterized105 |     1|
|23    |          \ramloop[107].ram.r                |blk_mem_gen_prim_width__parameterized106        |     1|
|24    |            \prim_init.ram                   |blk_mem_gen_prim_wrapper_init__parameterized106 |     1|
|25    |          \ramloop[108].ram.r                |blk_mem_gen_prim_width__parameterized107        |     1|
|26    |            \prim_init.ram                   |blk_mem_gen_prim_wrapper_init__parameterized107 |     1|
|27    |          \ramloop[109].ram.r                |blk_mem_gen_prim_width__parameterized108        |     1|
|28    |            \prim_init.ram                   |blk_mem_gen_prim_wrapper_init__parameterized108 |     1|
|29    |          \ramloop[10].ram.r                 |blk_mem_gen_prim_width__parameterized9          |     1|
|30    |            \prim_init.ram                   |blk_mem_gen_prim_wrapper_init__parameterized9   |     1|
|31    |          \ramloop[110].ram.r                |blk_mem_gen_prim_width__parameterized109        |     1|
|32    |            \prim_init.ram                   |blk_mem_gen_prim_wrapper_init__parameterized109 |     1|
|33    |          \ramloop[111].ram.r                |blk_mem_gen_prim_width__parameterized110        |     1|
|34    |            \prim_init.ram                   |blk_mem_gen_prim_wrapper_init__parameterized110 |     1|
|35    |          \ramloop[112].ram.r                |blk_mem_gen_prim_width__parameterized111        |     1|
|36    |            \prim_init.ram                   |blk_mem_gen_prim_wrapper_init__parameterized111 |     1|
|37    |          \ramloop[113].ram.r                |blk_mem_gen_prim_width__parameterized112        |     1|
|38    |            \prim_init.ram                   |blk_mem_gen_prim_wrapper_init__parameterized112 |     1|
|39    |          \ramloop[114].ram.r                |blk_mem_gen_prim_width__parameterized113        |     1|
|40    |            \prim_init.ram                   |blk_mem_gen_prim_wrapper_init__parameterized113 |     1|
|41    |          \ramloop[115].ram.r                |blk_mem_gen_prim_width__parameterized114        |     1|
|42    |            \prim_init.ram                   |blk_mem_gen_prim_wrapper_init__parameterized114 |     1|
|43    |          \ramloop[116].ram.r                |blk_mem_gen_prim_width__parameterized115        |     1|
|44    |            \prim_init.ram                   |blk_mem_gen_prim_wrapper_init__parameterized115 |     1|
|45    |          \ramloop[117].ram.r                |blk_mem_gen_prim_width__parameterized116        |     1|
|46    |            \prim_init.ram                   |blk_mem_gen_prim_wrapper_init__parameterized116 |     1|
|47    |          \ramloop[118].ram.r                |blk_mem_gen_prim_width__parameterized117        |     1|
|48    |            \prim_init.ram                   |blk_mem_gen_prim_wrapper_init__parameterized117 |     1|
|49    |          \ramloop[11].ram.r                 |blk_mem_gen_prim_width__parameterized10         |     2|
|50    |            \prim_init.ram                   |blk_mem_gen_prim_wrapper_init__parameterized10  |     2|
|51    |          \ramloop[12].ram.r                 |blk_mem_gen_prim_width__parameterized11         |     2|
|52    |            \prim_init.ram                   |blk_mem_gen_prim_wrapper_init__parameterized11  |     2|
|53    |          \ramloop[13].ram.r                 |blk_mem_gen_prim_width__parameterized12         |     2|
|54    |            \prim_init.ram                   |blk_mem_gen_prim_wrapper_init__parameterized12  |     2|
|55    |          \ramloop[14].ram.r                 |blk_mem_gen_prim_width__parameterized13         |     2|
|56    |            \prim_init.ram                   |blk_mem_gen_prim_wrapper_init__parameterized13  |     2|
|57    |          \ramloop[15].ram.r                 |blk_mem_gen_prim_width__parameterized14         |     3|
|58    |            \prim_init.ram                   |blk_mem_gen_prim_wrapper_init__parameterized14  |     3|
|59    |          \ramloop[16].ram.r                 |blk_mem_gen_prim_width__parameterized15         |     2|
|60    |            \prim_init.ram                   |blk_mem_gen_prim_wrapper_init__parameterized15  |     2|
|61    |          \ramloop[17].ram.r                 |blk_mem_gen_prim_width__parameterized16         |     3|
|62    |            \prim_init.ram                   |blk_mem_gen_prim_wrapper_init__parameterized16  |     3|
|63    |          \ramloop[18].ram.r                 |blk_mem_gen_prim_width__parameterized17         |     2|
|64    |            \prim_init.ram                   |blk_mem_gen_prim_wrapper_init__parameterized17  |     2|
|65    |          \ramloop[19].ram.r                 |blk_mem_gen_prim_width__parameterized18         |     3|
|66    |            \prim_init.ram                   |blk_mem_gen_prim_wrapper_init__parameterized18  |     3|
|67    |          \ramloop[1].ram.r                  |blk_mem_gen_prim_width__parameterized0          |     2|
|68    |            \prim_init.ram                   |blk_mem_gen_prim_wrapper_init__parameterized0   |     2|
|69    |          \ramloop[20].ram.r                 |blk_mem_gen_prim_width__parameterized19         |     2|
|70    |            \prim_init.ram                   |blk_mem_gen_prim_wrapper_init__parameterized19  |     2|
|71    |          \ramloop[21].ram.r                 |blk_mem_gen_prim_width__parameterized20         |     2|
|72    |            \prim_init.ram                   |blk_mem_gen_prim_wrapper_init__parameterized20  |     2|
|73    |          \ramloop[22].ram.r                 |blk_mem_gen_prim_width__parameterized21         |     2|
|74    |            \prim_init.ram                   |blk_mem_gen_prim_wrapper_init__parameterized21  |     2|
|75    |          \ramloop[23].ram.r                 |blk_mem_gen_prim_width__parameterized22         |     2|
|76    |            \prim_init.ram                   |blk_mem_gen_prim_wrapper_init__parameterized22  |     2|
|77    |          \ramloop[24].ram.r                 |blk_mem_gen_prim_width__parameterized23         |     2|
|78    |            \prim_init.ram                   |blk_mem_gen_prim_wrapper_init__parameterized23  |     2|
|79    |          \ramloop[25].ram.r                 |blk_mem_gen_prim_width__parameterized24         |     2|
|80    |            \prim_init.ram                   |blk_mem_gen_prim_wrapper_init__parameterized24  |     2|
|81    |          \ramloop[26].ram.r                 |blk_mem_gen_prim_width__parameterized25         |     2|
|82    |            \prim_init.ram                   |blk_mem_gen_prim_wrapper_init__parameterized25  |     2|
|83    |          \ramloop[27].ram.r                 |blk_mem_gen_prim_width__parameterized26         |     2|
|84    |            \prim_init.ram                   |blk_mem_gen_prim_wrapper_init__parameterized26  |     2|
|85    |          \ramloop[28].ram.r                 |blk_mem_gen_prim_width__parameterized27         |     2|
|86    |            \prim_init.ram                   |blk_mem_gen_prim_wrapper_init__parameterized27  |     2|
|87    |          \ramloop[29].ram.r                 |blk_mem_gen_prim_width__parameterized28         |     2|
|88    |            \prim_init.ram                   |blk_mem_gen_prim_wrapper_init__parameterized28  |     2|
|89    |          \ramloop[2].ram.r                  |blk_mem_gen_prim_width__parameterized1          |     2|
|90    |            \prim_init.ram                   |blk_mem_gen_prim_wrapper_init__parameterized1   |     2|
|91    |          \ramloop[30].ram.r                 |blk_mem_gen_prim_width__parameterized29         |     2|
|92    |            \prim_init.ram                   |blk_mem_gen_prim_wrapper_init__parameterized29  |     2|
|93    |          \ramloop[31].ram.r                 |blk_mem_gen_prim_width__parameterized30         |     2|
|94    |            \prim_init.ram                   |blk_mem_gen_prim_wrapper_init__parameterized30  |     2|
|95    |          \ramloop[32].ram.r                 |blk_mem_gen_prim_width__parameterized31         |     2|
|96    |            \prim_init.ram                   |blk_mem_gen_prim_wrapper_init__parameterized31  |     2|
|97    |          \ramloop[33].ram.r                 |blk_mem_gen_prim_width__parameterized32         |     2|
|98    |            \prim_init.ram                   |blk_mem_gen_prim_wrapper_init__parameterized32  |     2|
|99    |          \ramloop[34].ram.r                 |blk_mem_gen_prim_width__parameterized33         |     2|
|100   |            \prim_init.ram                   |blk_mem_gen_prim_wrapper_init__parameterized33  |     2|
|101   |          \ramloop[35].ram.r                 |blk_mem_gen_prim_width__parameterized34         |     2|
|102   |            \prim_init.ram                   |blk_mem_gen_prim_wrapper_init__parameterized34  |     2|
|103   |          \ramloop[36].ram.r                 |blk_mem_gen_prim_width__parameterized35         |     2|
|104   |            \prim_init.ram                   |blk_mem_gen_prim_wrapper_init__parameterized35  |     2|
|105   |          \ramloop[37].ram.r                 |blk_mem_gen_prim_width__parameterized36         |     2|
|106   |            \prim_init.ram                   |blk_mem_gen_prim_wrapper_init__parameterized36  |     2|
|107   |          \ramloop[38].ram.r                 |blk_mem_gen_prim_width__parameterized37         |     2|
|108   |            \prim_init.ram                   |blk_mem_gen_prim_wrapper_init__parameterized37  |     2|
|109   |          \ramloop[39].ram.r                 |blk_mem_gen_prim_width__parameterized38         |     2|
|110   |            \prim_init.ram                   |blk_mem_gen_prim_wrapper_init__parameterized38  |     2|
|111   |          \ramloop[3].ram.r                  |blk_mem_gen_prim_width__parameterized2          |     1|
|112   |            \prim_init.ram                   |blk_mem_gen_prim_wrapper_init__parameterized2   |     1|
|113   |          \ramloop[40].ram.r                 |blk_mem_gen_prim_width__parameterized39         |     2|
|114   |            \prim_init.ram                   |blk_mem_gen_prim_wrapper_init__parameterized39  |     2|
|115   |          \ramloop[41].ram.r                 |blk_mem_gen_prim_width__parameterized40         |     2|
|116   |            \prim_init.ram                   |blk_mem_gen_prim_wrapper_init__parameterized40  |     2|
|117   |          \ramloop[42].ram.r                 |blk_mem_gen_prim_width__parameterized41         |     2|
|118   |            \prim_init.ram                   |blk_mem_gen_prim_wrapper_init__parameterized41  |     2|
|119   |          \ramloop[43].ram.r                 |blk_mem_gen_prim_width__parameterized42         |     2|
|120   |            \prim_init.ram                   |blk_mem_gen_prim_wrapper_init__parameterized42  |     2|
|121   |          \ramloop[44].ram.r                 |blk_mem_gen_prim_width__parameterized43         |     2|
|122   |            \prim_init.ram                   |blk_mem_gen_prim_wrapper_init__parameterized43  |     2|
|123   |          \ramloop[45].ram.r                 |blk_mem_gen_prim_width__parameterized44         |     2|
|124   |            \prim_init.ram                   |blk_mem_gen_prim_wrapper_init__parameterized44  |     2|
|125   |          \ramloop[46].ram.r                 |blk_mem_gen_prim_width__parameterized45         |     2|
|126   |            \prim_init.ram                   |blk_mem_gen_prim_wrapper_init__parameterized45  |     2|
|127   |          \ramloop[47].ram.r                 |blk_mem_gen_prim_width__parameterized46         |     2|
|128   |            \prim_init.ram                   |blk_mem_gen_prim_wrapper_init__parameterized46  |     2|
|129   |          \ramloop[48].ram.r                 |blk_mem_gen_prim_width__parameterized47         |     2|
|130   |            \prim_init.ram                   |blk_mem_gen_prim_wrapper_init__parameterized47  |     2|
|131   |          \ramloop[49].ram.r                 |blk_mem_gen_prim_width__parameterized48         |     2|
|132   |            \prim_init.ram                   |blk_mem_gen_prim_wrapper_init__parameterized48  |     2|
|133   |          \ramloop[4].ram.r                  |blk_mem_gen_prim_width__parameterized3          |     2|
|134   |            \prim_init.ram                   |blk_mem_gen_prim_wrapper_init__parameterized3   |     2|
|135   |          \ramloop[50].ram.r                 |blk_mem_gen_prim_width__parameterized49         |     2|
|136   |            \prim_init.ram                   |blk_mem_gen_prim_wrapper_init__parameterized49  |     2|
|137   |          \ramloop[51].ram.r                 |blk_mem_gen_prim_width__parameterized50         |     2|
|138   |            \prim_init.ram                   |blk_mem_gen_prim_wrapper_init__parameterized50  |     2|
|139   |          \ramloop[52].ram.r                 |blk_mem_gen_prim_width__parameterized51         |     2|
|140   |            \prim_init.ram                   |blk_mem_gen_prim_wrapper_init__parameterized51  |     2|
|141   |          \ramloop[53].ram.r                 |blk_mem_gen_prim_width__parameterized52         |     2|
|142   |            \prim_init.ram                   |blk_mem_gen_prim_wrapper_init__parameterized52  |     2|
|143   |          \ramloop[54].ram.r                 |blk_mem_gen_prim_width__parameterized53         |     2|
|144   |            \prim_init.ram                   |blk_mem_gen_prim_wrapper_init__parameterized53  |     2|
|145   |          \ramloop[55].ram.r                 |blk_mem_gen_prim_width__parameterized54         |     2|
|146   |            \prim_init.ram                   |blk_mem_gen_prim_wrapper_init__parameterized54  |     2|
|147   |          \ramloop[56].ram.r                 |blk_mem_gen_prim_width__parameterized55         |     2|
|148   |            \prim_init.ram                   |blk_mem_gen_prim_wrapper_init__parameterized55  |     2|
|149   |          \ramloop[57].ram.r                 |blk_mem_gen_prim_width__parameterized56         |     2|
|150   |            \prim_init.ram                   |blk_mem_gen_prim_wrapper_init__parameterized56  |     2|
|151   |          \ramloop[58].ram.r                 |blk_mem_gen_prim_width__parameterized57         |     2|
|152   |            \prim_init.ram                   |blk_mem_gen_prim_wrapper_init__parameterized57  |     2|
|153   |          \ramloop[59].ram.r                 |blk_mem_gen_prim_width__parameterized58         |     2|
|154   |            \prim_init.ram                   |blk_mem_gen_prim_wrapper_init__parameterized58  |     2|
|155   |          \ramloop[5].ram.r                  |blk_mem_gen_prim_width__parameterized4          |     2|
|156   |            \prim_init.ram                   |blk_mem_gen_prim_wrapper_init__parameterized4   |     2|
|157   |          \ramloop[60].ram.r                 |blk_mem_gen_prim_width__parameterized59         |     2|
|158   |            \prim_init.ram                   |blk_mem_gen_prim_wrapper_init__parameterized59  |     2|
|159   |          \ramloop[61].ram.r                 |blk_mem_gen_prim_width__parameterized60         |     2|
|160   |            \prim_init.ram                   |blk_mem_gen_prim_wrapper_init__parameterized60  |     2|
|161   |          \ramloop[62].ram.r                 |blk_mem_gen_prim_width__parameterized61         |     2|
|162   |            \prim_init.ram                   |blk_mem_gen_prim_wrapper_init__parameterized61  |     2|
|163   |          \ramloop[63].ram.r                 |blk_mem_gen_prim_width__parameterized62         |     2|
|164   |            \prim_init.ram                   |blk_mem_gen_prim_wrapper_init__parameterized62  |     2|
|165   |          \ramloop[64].ram.r                 |blk_mem_gen_prim_width__parameterized63         |     2|
|166   |            \prim_init.ram                   |blk_mem_gen_prim_wrapper_init__parameterized63  |     2|
|167   |          \ramloop[65].ram.r                 |blk_mem_gen_prim_width__parameterized64         |     2|
|168   |            \prim_init.ram                   |blk_mem_gen_prim_wrapper_init__parameterized64  |     2|
|169   |          \ramloop[66].ram.r                 |blk_mem_gen_prim_width__parameterized65         |     2|
|170   |            \prim_init.ram                   |blk_mem_gen_prim_wrapper_init__parameterized65  |     2|
|171   |          \ramloop[67].ram.r                 |blk_mem_gen_prim_width__parameterized66         |     2|
|172   |            \prim_init.ram                   |blk_mem_gen_prim_wrapper_init__parameterized66  |     2|
|173   |          \ramloop[68].ram.r                 |blk_mem_gen_prim_width__parameterized67         |     2|
|174   |            \prim_init.ram                   |blk_mem_gen_prim_wrapper_init__parameterized67  |     2|
|175   |          \ramloop[69].ram.r                 |blk_mem_gen_prim_width__parameterized68         |     3|
|176   |            \prim_init.ram                   |blk_mem_gen_prim_wrapper_init__parameterized68  |     3|
|177   |          \ramloop[6].ram.r                  |blk_mem_gen_prim_width__parameterized5          |     2|
|178   |            \prim_init.ram                   |blk_mem_gen_prim_wrapper_init__parameterized5   |     2|
|179   |          \ramloop[70].ram.r                 |blk_mem_gen_prim_width__parameterized69         |     1|
|180   |            \prim_init.ram                   |blk_mem_gen_prim_wrapper_init__parameterized69  |     1|
|181   |          \ramloop[71].ram.r                 |blk_mem_gen_prim_width__parameterized70         |     1|
|182   |            \prim_init.ram                   |blk_mem_gen_prim_wrapper_init__parameterized70  |     1|
|183   |          \ramloop[72].ram.r                 |blk_mem_gen_prim_width__parameterized71         |     1|
|184   |            \prim_init.ram                   |blk_mem_gen_prim_wrapper_init__parameterized71  |     1|
|185   |          \ramloop[73].ram.r                 |blk_mem_gen_prim_width__parameterized72         |     1|
|186   |            \prim_init.ram                   |blk_mem_gen_prim_wrapper_init__parameterized72  |     1|
|187   |          \ramloop[74].ram.r                 |blk_mem_gen_prim_width__parameterized73         |     1|
|188   |            \prim_init.ram                   |blk_mem_gen_prim_wrapper_init__parameterized73  |     1|
|189   |          \ramloop[75].ram.r                 |blk_mem_gen_prim_width__parameterized74         |     1|
|190   |            \prim_init.ram                   |blk_mem_gen_prim_wrapper_init__parameterized74  |     1|
|191   |          \ramloop[76].ram.r                 |blk_mem_gen_prim_width__parameterized75         |     1|
|192   |            \prim_init.ram                   |blk_mem_gen_prim_wrapper_init__parameterized75  |     1|
|193   |          \ramloop[77].ram.r                 |blk_mem_gen_prim_width__parameterized76         |     1|
|194   |            \prim_init.ram                   |blk_mem_gen_prim_wrapper_init__parameterized76  |     1|
|195   |          \ramloop[78].ram.r                 |blk_mem_gen_prim_width__parameterized77         |     1|
|196   |            \prim_init.ram                   |blk_mem_gen_prim_wrapper_init__parameterized77  |     1|
|197   |          \ramloop[79].ram.r                 |blk_mem_gen_prim_width__parameterized78         |     1|
|198   |            \prim_init.ram                   |blk_mem_gen_prim_wrapper_init__parameterized78  |     1|
|199   |          \ramloop[7].ram.r                  |blk_mem_gen_prim_width__parameterized6          |     2|
|200   |            \prim_init.ram                   |blk_mem_gen_prim_wrapper_init__parameterized6   |     2|
|201   |          \ramloop[80].ram.r                 |blk_mem_gen_prim_width__parameterized79         |     1|
|202   |            \prim_init.ram                   |blk_mem_gen_prim_wrapper_init__parameterized79  |     1|
|203   |          \ramloop[81].ram.r                 |blk_mem_gen_prim_width__parameterized80         |     1|
|204   |            \prim_init.ram                   |blk_mem_gen_prim_wrapper_init__parameterized80  |     1|
|205   |          \ramloop[82].ram.r                 |blk_mem_gen_prim_width__parameterized81         |     1|
|206   |            \prim_init.ram                   |blk_mem_gen_prim_wrapper_init__parameterized81  |     1|
|207   |          \ramloop[83].ram.r                 |blk_mem_gen_prim_width__parameterized82         |     1|
|208   |            \prim_init.ram                   |blk_mem_gen_prim_wrapper_init__parameterized82  |     1|
|209   |          \ramloop[84].ram.r                 |blk_mem_gen_prim_width__parameterized83         |     1|
|210   |            \prim_init.ram                   |blk_mem_gen_prim_wrapper_init__parameterized83  |     1|
|211   |          \ramloop[85].ram.r                 |blk_mem_gen_prim_width__parameterized84         |     1|
|212   |            \prim_init.ram                   |blk_mem_gen_prim_wrapper_init__parameterized84  |     1|
|213   |          \ramloop[86].ram.r                 |blk_mem_gen_prim_width__parameterized85         |     1|
|214   |            \prim_init.ram                   |blk_mem_gen_prim_wrapper_init__parameterized85  |     1|
|215   |          \ramloop[87].ram.r                 |blk_mem_gen_prim_width__parameterized86         |     1|
|216   |            \prim_init.ram                   |blk_mem_gen_prim_wrapper_init__parameterized86  |     1|
|217   |          \ramloop[88].ram.r                 |blk_mem_gen_prim_width__parameterized87         |     1|
|218   |            \prim_init.ram                   |blk_mem_gen_prim_wrapper_init__parameterized87  |     1|
|219   |          \ramloop[89].ram.r                 |blk_mem_gen_prim_width__parameterized88         |     1|
|220   |            \prim_init.ram                   |blk_mem_gen_prim_wrapper_init__parameterized88  |     1|
|221   |          \ramloop[8].ram.r                  |blk_mem_gen_prim_width__parameterized7          |     2|
|222   |            \prim_init.ram                   |blk_mem_gen_prim_wrapper_init__parameterized7   |     2|
|223   |          \ramloop[90].ram.r                 |blk_mem_gen_prim_width__parameterized89         |     1|
|224   |            \prim_init.ram                   |blk_mem_gen_prim_wrapper_init__parameterized89  |     1|
|225   |          \ramloop[91].ram.r                 |blk_mem_gen_prim_width__parameterized90         |     1|
|226   |            \prim_init.ram                   |blk_mem_gen_prim_wrapper_init__parameterized90  |     1|
|227   |          \ramloop[92].ram.r                 |blk_mem_gen_prim_width__parameterized91         |     1|
|228   |            \prim_init.ram                   |blk_mem_gen_prim_wrapper_init__parameterized91  |     1|
|229   |          \ramloop[93].ram.r                 |blk_mem_gen_prim_width__parameterized92         |     1|
|230   |            \prim_init.ram                   |blk_mem_gen_prim_wrapper_init__parameterized92  |     1|
|231   |          \ramloop[94].ram.r                 |blk_mem_gen_prim_width__parameterized93         |     1|
|232   |            \prim_init.ram                   |blk_mem_gen_prim_wrapper_init__parameterized93  |     1|
|233   |          \ramloop[95].ram.r                 |blk_mem_gen_prim_width__parameterized94         |     1|
|234   |            \prim_init.ram                   |blk_mem_gen_prim_wrapper_init__parameterized94  |     1|
|235   |          \ramloop[96].ram.r                 |blk_mem_gen_prim_width__parameterized95         |     1|
|236   |            \prim_init.ram                   |blk_mem_gen_prim_wrapper_init__parameterized95  |     1|
|237   |          \ramloop[97].ram.r                 |blk_mem_gen_prim_width__parameterized96         |     1|
|238   |            \prim_init.ram                   |blk_mem_gen_prim_wrapper_init__parameterized96  |     1|
|239   |          \ramloop[98].ram.r                 |blk_mem_gen_prim_width__parameterized97         |     1|
|240   |            \prim_init.ram                   |blk_mem_gen_prim_wrapper_init__parameterized97  |     1|
|241   |          \ramloop[99].ram.r                 |blk_mem_gen_prim_width__parameterized98         |     1|
|242   |            \prim_init.ram                   |blk_mem_gen_prim_wrapper_init__parameterized98  |     1|
|243   |          \ramloop[9].ram.r                  |blk_mem_gen_prim_width__parameterized8          |     2|
|244   |            \prim_init.ram                   |blk_mem_gen_prim_wrapper_init__parameterized8   |     2|
+------+---------------------------------------------+------------------------------------------------+------+
---------------------------------------------------------------------------------
Finished Writing Synthesis Report : Time (s): cpu = 00:04:59 ; elapsed = 00:05:03 . Memory (MB): peak = 1543.352 ; gain = 973.703
---------------------------------------------------------------------------------
Synthesis finished with 0 errors, 0 critical warnings and 258 warnings.
Synthesis Optimization Runtime : Time (s): cpu = 00:00:20 ; elapsed = 00:04:59 . Memory (MB): peak = 1543.352 ; gain = 973.703
Synthesis Optimization Complete : Time (s): cpu = 00:04:59 ; elapsed = 00:05:03 . Memory (MB): peak = 1543.352 ; gain = 973.703
INFO: [Project 1-571] Translating synthesized netlist
INFO: [Netlist 29-17] Analyzing 299 Unisim elements for replacement
INFO: [Netlist 29-28] Unisim Transformation completed in 0 CPU seconds
INFO: [Project 1-570] Preparing netlist for logic optimization
INFO: [Opt 31-138] Pushed 0 inverter(s) to 0 load pin(s).
Netlist sorting complete. Time (s): cpu = 00:00:00 ; elapsed = 00:00:00.002 . Memory (MB): peak = 1543.352 ; gain = 0.000
INFO: [Project 1-111] Unisim Transformation Summary:
No Unisim elements were transformed.

INFO: [Common 17-83] Releasing license: Synthesis
17 Infos, 100 Warnings, 0 Critical Warnings and 0 Errors encountered.
synth_design completed successfully
synth_design: Time (s): cpu = 00:05:05 ; elapsed = 00:05:09 . Memory (MB): peak = 1543.352 ; gain = 1244.133
INFO: [Common 17-600] The following parameters have non-default value.
tcl.collectionResultDisplayLimit
Netlist sorting complete. Time (s): cpu = 00:00:00 ; elapsed = 00:00:00.002 . Memory (MB): peak = 1543.352 ; gain = 0.000
WARNING: [Constraints 18-5210] No constraints selected for write.
Resolution: This message can indicate that there are no constraints for the design, or it can indicate that the used_in flags are set such that the constraints are ignored. This later case is used when running synth_design to not write synthesis constraints to the resulting checkpoint. Instead, project constraints are read when the synthesized design is opened.
INFO: [Common 17-1381] The checkpoint 'C:/Users/aiai/Desktop/study/FPGA/Xlinx/picture_Make_Study/HDMI_picture/HDMI_PICTURE/HDMI_PICTURE.runs/rom_picture_synth_1/rom_picture.dcp' has been generated.
WARNING: [Common 17-576] 'use_project_ipc' is deprecated. This option is deprecated and no longer used.
INFO: [Coretcl 2-1648] Added synthesis output to IP cache for IP rom_picture, cache-ID = 87298234318e277a
INFO: [Coretcl 2-1174] Renamed 243 cell refs.
Netlist sorting complete. Time (s): cpu = 00:00:00 ; elapsed = 00:00:00.003 . Memory (MB): peak = 1543.352 ; gain = 0.000
WARNING: [Constraints 18-5210] No constraints selected for write.
Resolution: This message can indicate that there are no constraints for the design, or it can indicate that the used_in flags are set such that the constraints are ignored. This later case is used when running synth_design to not write synthesis constraints to the resulting checkpoint. Instead, project constraints are read when the synthesized design is opened.
INFO: [Common 17-1381] The checkpoint 'C:/Users/aiai/Desktop/study/FPGA/Xlinx/picture_Make_Study/HDMI_picture/HDMI_PICTURE/HDMI_PICTURE.runs/rom_picture_synth_1/rom_picture.dcp' has been generated.
INFO: [runtcl-4] Executing : report_utilization -file rom_picture_utilization_synth.rpt -pb rom_picture_utilization_synth.pb
INFO: [Common 17-206] Exiting Vivado at Mon Dec 28 15:16:37 2020...
