
*** Running vivado
    with args -log vio_picture.vds -m64 -product Vivado -mode batch -messageDb vivado.pb -notrace -source vio_picture.tcl


****** Vivado v2019.1 (64-bit)
  **** SW Build 2552052 on Fri May 24 14:49:42 MDT 2019
  **** IP Build 2548770 on Fri May 24 18:01:18 MDT 2019
    ** Copyright 1986-2019 Xilinx, Inc. All Rights Reserved.

source vio_picture.tcl -notrace
Command: synth_design -top vio_picture -part xc7z020clg400-2 -mode out_of_context
Starting synth_design
Attempting to get a license for feature 'Synthesis' and/or device 'xc7z020'
INFO: [Common 17-349] Got license for feature 'Synthesis' and/or device 'xc7z020'
INFO: [Device 21-403] Loading part xc7z020clg400-2
INFO: Launching helper process for spawning children vivado processes
INFO: Helper process launched with PID 13932 
---------------------------------------------------------------------------------
Starting RTL Elaboration : Time (s): cpu = 00:00:04 ; elapsed = 00:00:05 . Memory (MB): peak = 753.227 ; gain = 179.605
---------------------------------------------------------------------------------
INFO: [Synth 8-6157] synthesizing module 'vio_picture' [c:/Users/aiai/Desktop/study/FPGA/Xlinx/picture_Make_Study/HDMI_picture/HDMI_PICTURE/HDMI_PICTURE.srcs/sources_1/ip/vio_picture/synth/vio_picture.v:59]
WARNING: [Synth 8-3848] Net sl_iport0 in module/entity vio_picture does not have driver. [c:/Users/aiai/Desktop/study/FPGA/Xlinx/picture_Make_Study/HDMI_picture/HDMI_PICTURE/HDMI_PICTURE.srcs/sources_1/ip/vio_picture/synth/vio_picture.v:73]
INFO: [Synth 8-6155] done synthesizing module 'vio_picture' (6#1) [c:/Users/aiai/Desktop/study/FPGA/Xlinx/picture_Make_Study/HDMI_picture/HDMI_PICTURE/HDMI_PICTURE.srcs/sources_1/ip/vio_picture/synth/vio_picture.v:59]
WARNING: [Synth 8-3331] design vio_v3_0_20_probe_out_one__parameterized0 has unconnected port Bus_rst
WARNING: [Synth 8-3331] design vio_v3_0_20_probe_out_one__parameterized0 has unconnected port Read
WARNING: [Synth 8-3331] design vio_v3_0_20_probe_out_one__parameterized0 has unconnected port Bus_Data_in[15]
WARNING: [Synth 8-3331] design vio_v3_0_20_probe_out_one__parameterized0 has unconnected port Bus_Data_in[14]
WARNING: [Synth 8-3331] design vio_v3_0_20_probe_out_one__parameterized0 has unconnected port Bus_Data_in[13]
WARNING: [Synth 8-3331] design vio_v3_0_20_probe_out_one__parameterized0 has unconnected port Bus_Data_in[12]
WARNING: [Synth 8-3331] design vio_v3_0_20_probe_out_one__parameterized0 has unconnected port Bus_Data_in[11]
WARNING: [Synth 8-3331] design vio_v3_0_20_probe_out_one__parameterized0 has unconnected port Internal_cnt_rst
WARNING: [Synth 8-3331] design vio_v3_0_20_probe_out_one has unconnected port Bus_rst
WARNING: [Synth 8-3331] design vio_v3_0_20_probe_out_one has unconnected port Read
WARNING: [Synth 8-3331] design vio_v3_0_20_probe_out_one has unconnected port Bus_Data_in[15]
WARNING: [Synth 8-3331] design vio_v3_0_20_probe_out_one has unconnected port Bus_Data_in[14]
WARNING: [Synth 8-3331] design vio_v3_0_20_probe_out_one has unconnected port Bus_Data_in[13]
WARNING: [Synth 8-3331] design vio_v3_0_20_probe_out_one has unconnected port Bus_Data_in[12]
WARNING: [Synth 8-3331] design vio_v3_0_20_probe_out_one has unconnected port Bus_Data_in[11]
WARNING: [Synth 8-3331] design vio_v3_0_20_probe_out_one has unconnected port Internal_cnt_rst
WARNING: [Synth 8-3331] design vio_v3_0_20_vio has unconnected port probe_in0[0]
WARNING: [Synth 8-3331] design vio_v3_0_20_vio has unconnected port probe_in1[0]
WARNING: [Synth 8-3331] design vio_v3_0_20_vio has unconnected port probe_in2[0]
WARNING: [Synth 8-3331] design vio_v3_0_20_vio has unconnected port probe_in3[0]
WARNING: [Synth 8-3331] design vio_v3_0_20_vio has unconnected port probe_in4[0]
WARNING: [Synth 8-3331] design vio_v3_0_20_vio has unconnected port probe_in5[0]
WARNING: [Synth 8-3331] design vio_v3_0_20_vio has unconnected port probe_in6[0]
WARNING: [Synth 8-3331] design vio_v3_0_20_vio has unconnected port probe_in7[0]
WARNING: [Synth 8-3331] design vio_v3_0_20_vio has unconnected port probe_in8[0]
WARNING: [Synth 8-3331] design vio_v3_0_20_vio has unconnected port probe_in9[0]
WARNING: [Synth 8-3331] design vio_v3_0_20_vio has unconnected port probe_in10[0]
WARNING: [Synth 8-3331] design vio_v3_0_20_vio has unconnected port probe_in11[0]
WARNING: [Synth 8-3331] design vio_v3_0_20_vio has unconnected port probe_in12[0]
WARNING: [Synth 8-3331] design vio_v3_0_20_vio has unconnected port probe_in13[0]
WARNING: [Synth 8-3331] design vio_v3_0_20_vio has unconnected port probe_in14[0]
WARNING: [Synth 8-3331] design vio_v3_0_20_vio has unconnected port probe_in15[0]
WARNING: [Synth 8-3331] design vio_v3_0_20_vio has unconnected port probe_in16[0]
WARNING: [Synth 8-3331] design vio_v3_0_20_vio has unconnected port probe_in17[0]
WARNING: [Synth 8-3331] design vio_v3_0_20_vio has unconnected port probe_in18[0]
WARNING: [Synth 8-3331] design vio_v3_0_20_vio has unconnected port probe_in19[0]
WARNING: [Synth 8-3331] design vio_v3_0_20_vio has unconnected port probe_in20[0]
WARNING: [Synth 8-3331] design vio_v3_0_20_vio has unconnected port probe_in21[0]
WARNING: [Synth 8-3331] design vio_v3_0_20_vio has unconnected port probe_in22[0]
WARNING: [Synth 8-3331] design vio_v3_0_20_vio has unconnected port probe_in23[0]
WARNING: [Synth 8-3331] design vio_v3_0_20_vio has unconnected port probe_in24[0]
WARNING: [Synth 8-3331] design vio_v3_0_20_vio has unconnected port probe_in25[0]
WARNING: [Synth 8-3331] design vio_v3_0_20_vio has unconnected port probe_in26[0]
WARNING: [Synth 8-3331] design vio_v3_0_20_vio has unconnected port probe_in27[0]
WARNING: [Synth 8-3331] design vio_v3_0_20_vio has unconnected port probe_in28[0]
WARNING: [Synth 8-3331] design vio_v3_0_20_vio has unconnected port probe_in29[0]
WARNING: [Synth 8-3331] design vio_v3_0_20_vio has unconnected port probe_in30[0]
WARNING: [Synth 8-3331] design vio_v3_0_20_vio has unconnected port probe_in31[0]
WARNING: [Synth 8-3331] design vio_v3_0_20_vio has unconnected port probe_in32[0]
WARNING: [Synth 8-3331] design vio_v3_0_20_vio has unconnected port probe_in33[0]
WARNING: [Synth 8-3331] design vio_v3_0_20_vio has unconnected port probe_in34[0]
WARNING: [Synth 8-3331] design vio_v3_0_20_vio has unconnected port probe_in35[0]
WARNING: [Synth 8-3331] design vio_v3_0_20_vio has unconnected port probe_in36[0]
WARNING: [Synth 8-3331] design vio_v3_0_20_vio has unconnected port probe_in37[0]
WARNING: [Synth 8-3331] design vio_v3_0_20_vio has unconnected port probe_in38[0]
WARNING: [Synth 8-3331] design vio_v3_0_20_vio has unconnected port probe_in39[0]
WARNING: [Synth 8-3331] design vio_v3_0_20_vio has unconnected port probe_in40[0]
WARNING: [Synth 8-3331] design vio_v3_0_20_vio has unconnected port probe_in41[0]
WARNING: [Synth 8-3331] design vio_v3_0_20_vio has unconnected port probe_in42[0]
WARNING: [Synth 8-3331] design vio_v3_0_20_vio has unconnected port probe_in43[0]
WARNING: [Synth 8-3331] design vio_v3_0_20_vio has unconnected port probe_in44[0]
WARNING: [Synth 8-3331] design vio_v3_0_20_vio has unconnected port probe_in45[0]
WARNING: [Synth 8-3331] design vio_v3_0_20_vio has unconnected port probe_in46[0]
WARNING: [Synth 8-3331] design vio_v3_0_20_vio has unconnected port probe_in47[0]
WARNING: [Synth 8-3331] design vio_v3_0_20_vio has unconnected port probe_in48[0]
WARNING: [Synth 8-3331] design vio_v3_0_20_vio has unconnected port probe_in49[0]
WARNING: [Synth 8-3331] design vio_v3_0_20_vio has unconnected port probe_in50[0]
WARNING: [Synth 8-3331] design vio_v3_0_20_vio has unconnected port probe_in51[0]
WARNING: [Synth 8-3331] design vio_v3_0_20_vio has unconnected port probe_in52[0]
WARNING: [Synth 8-3331] design vio_v3_0_20_vio has unconnected port probe_in53[0]
WARNING: [Synth 8-3331] design vio_v3_0_20_vio has unconnected port probe_in54[0]
WARNING: [Synth 8-3331] design vio_v3_0_20_vio has unconnected port probe_in55[0]
WARNING: [Synth 8-3331] design vio_v3_0_20_vio has unconnected port probe_in56[0]
WARNING: [Synth 8-3331] design vio_v3_0_20_vio has unconnected port probe_in57[0]
WARNING: [Synth 8-3331] design vio_v3_0_20_vio has unconnected port probe_in58[0]
WARNING: [Synth 8-3331] design vio_v3_0_20_vio has unconnected port probe_in59[0]
WARNING: [Synth 8-3331] design vio_v3_0_20_vio has unconnected port probe_in60[0]
WARNING: [Synth 8-3331] design vio_v3_0_20_vio has unconnected port probe_in61[0]
WARNING: [Synth 8-3331] design vio_v3_0_20_vio has unconnected port probe_in62[0]
WARNING: [Synth 8-3331] design vio_v3_0_20_vio has unconnected port probe_in63[0]
WARNING: [Synth 8-3331] design vio_v3_0_20_vio has unconnected port probe_in64[0]
WARNING: [Synth 8-3331] design vio_v3_0_20_vio has unconnected port probe_in65[0]
WARNING: [Synth 8-3331] design vio_v3_0_20_vio has unconnected port probe_in66[0]
WARNING: [Synth 8-3331] design vio_v3_0_20_vio has unconnected port probe_in67[0]
WARNING: [Synth 8-3331] design vio_v3_0_20_vio has unconnected port probe_in68[0]
WARNING: [Synth 8-3331] design vio_v3_0_20_vio has unconnected port probe_in69[0]
WARNING: [Synth 8-3331] design vio_v3_0_20_vio has unconnected port probe_in70[0]
WARNING: [Synth 8-3331] design vio_v3_0_20_vio has unconnected port probe_in71[0]
WARNING: [Synth 8-3331] design vio_v3_0_20_vio has unconnected port probe_in72[0]
WARNING: [Synth 8-3331] design vio_v3_0_20_vio has unconnected port probe_in73[0]
WARNING: [Synth 8-3331] design vio_v3_0_20_vio has unconnected port probe_in74[0]
WARNING: [Synth 8-3331] design vio_v3_0_20_vio has unconnected port probe_in75[0]
WARNING: [Synth 8-3331] design vio_v3_0_20_vio has unconnected port probe_in76[0]
WARNING: [Synth 8-3331] design vio_v3_0_20_vio has unconnected port probe_in77[0]
WARNING: [Synth 8-3331] design vio_v3_0_20_vio has unconnected port probe_in78[0]
WARNING: [Synth 8-3331] design vio_v3_0_20_vio has unconnected port probe_in79[0]
WARNING: [Synth 8-3331] design vio_v3_0_20_vio has unconnected port probe_in80[0]
WARNING: [Synth 8-3331] design vio_v3_0_20_vio has unconnected port probe_in81[0]
WARNING: [Synth 8-3331] design vio_v3_0_20_vio has unconnected port probe_in82[0]
WARNING: [Synth 8-3331] design vio_v3_0_20_vio has unconnected port probe_in83[0]
INFO: [Common 17-14] Message 'Synth 8-3331' appears 100 times and further instances of the messages will be disabled. Use the Tcl command set_msg_config to change the current settings.
---------------------------------------------------------------------------------
Finished RTL Elaboration : Time (s): cpu = 00:00:06 ; elapsed = 00:00:06 . Memory (MB): peak = 826.688 ; gain = 253.066
---------------------------------------------------------------------------------

Report Check Netlist: 
+------+------------------+-------+---------+-------+------------------+
|      |Item              |Errors |Warnings |Status |Description       |
+------+------------------+-------+---------+-------+------------------+
|1     |multi_driven_nets |      0|        0|Passed |Multi driven nets |
+------+------------------+-------+---------+-------+------------------+
---------------------------------------------------------------------------------
Start Handling Custom Attributes
---------------------------------------------------------------------------------
---------------------------------------------------------------------------------
Finished Handling Custom Attributes : Time (s): cpu = 00:00:06 ; elapsed = 00:00:07 . Memory (MB): peak = 826.688 ; gain = 253.066
---------------------------------------------------------------------------------
---------------------------------------------------------------------------------
Finished RTL Optimization Phase 1 : Time (s): cpu = 00:00:06 ; elapsed = 00:00:07 . Memory (MB): peak = 826.688 ; gain = 253.066
---------------------------------------------------------------------------------
INFO: [Project 1-570] Preparing netlist for logic optimization

Processing XDC Constraints
Initializing timing engine
Parsing XDC File [c:/Users/aiai/Desktop/study/FPGA/Xlinx/picture_Make_Study/HDMI_picture/HDMI_PICTURE/HDMI_PICTURE.srcs/sources_1/ip/vio_picture/vio_picture_ooc.xdc]
Finished Parsing XDC File [c:/Users/aiai/Desktop/study/FPGA/Xlinx/picture_Make_Study/HDMI_picture/HDMI_PICTURE/HDMI_PICTURE.srcs/sources_1/ip/vio_picture/vio_picture_ooc.xdc]
Parsing XDC File [c:/Users/aiai/Desktop/study/FPGA/Xlinx/picture_Make_Study/HDMI_picture/HDMI_PICTURE/HDMI_PICTURE.srcs/sources_1/ip/vio_picture/vio_picture.xdc]
Finished Parsing XDC File [c:/Users/aiai/Desktop/study/FPGA/Xlinx/picture_Make_Study/HDMI_picture/HDMI_PICTURE/HDMI_PICTURE.srcs/sources_1/ip/vio_picture/vio_picture.xdc]
Completed Processing XDC Constraints

Netlist sorting complete. Time (s): cpu = 00:00:00 ; elapsed = 00:00:00.001 . Memory (MB): peak = 942.301 ; gain = 0.000
INFO: [Project 1-111] Unisim Transformation Summary:
No Unisim elements were transformed.

Constraint Validation Runtime : Time (s): cpu = 00:00:00 ; elapsed = 00:00:00.030 . Memory (MB): peak = 949.211 ; gain = 6.910
---------------------------------------------------------------------------------
Finished Constraint Validation : Time (s): cpu = 00:00:11 ; elapsed = 00:00:11 . Memory (MB): peak = 949.211 ; gain = 375.590
---------------------------------------------------------------------------------
---------------------------------------------------------------------------------
Start Loading Part and Timing Information
---------------------------------------------------------------------------------
Loading part: xc7z020clg400-2
---------------------------------------------------------------------------------
Finished Loading Part and Timing Information : Time (s): cpu = 00:00:11 ; elapsed = 00:00:11 . Memory (MB): peak = 949.211 ; gain = 375.590
---------------------------------------------------------------------------------
---------------------------------------------------------------------------------
Start Applying 'set_property' XDC Constraints
---------------------------------------------------------------------------------
---------------------------------------------------------------------------------
Finished applying 'set_property' XDC Constraints : Time (s): cpu = 00:00:11 ; elapsed = 00:00:11 . Memory (MB): peak = 949.211 ; gain = 375.590
---------------------------------------------------------------------------------
---------------------------------------------------------------------------------
Finished RTL Optimization Phase 2 : Time (s): cpu = 00:00:11 ; elapsed = 00:00:12 . Memory (MB): peak = 949.211 ; gain = 375.590
---------------------------------------------------------------------------------

Report RTL Partitions: 
+-+--------------+------------+----------+
| |RTL Partition |Replication |Instances |
+-+--------------+------------+----------+
+-+--------------+------------+----------+
---------------------------------------------------------------------------------
Start RTL Component Statistics 
---------------------------------------------------------------------------------
Detailed RTL Component Info : 
+---Registers : 
	              128 Bit    Registers := 1     
	               16 Bit    Registers := 8     
	               11 Bit    Registers := 2     
	                7 Bit    Registers := 1     
	                5 Bit    Registers := 1     
	                3 Bit    Registers := 2     
	                1 Bit    Registers := 15    
+---Muxes : 
	   2 Input     16 Bit        Muxes := 3     
	   2 Input      1 Bit        Muxes := 8     
---------------------------------------------------------------------------------
Finished RTL Component Statistics 
---------------------------------------------------------------------------------
---------------------------------------------------------------------------------
Start RTL Hierarchical Component Statistics 
---------------------------------------------------------------------------------
Hierarchical RTL Component report 
Module vio_v3_0_20_probe_out_one 
Detailed RTL Component Info : 
+---Registers : 
	               16 Bit    Registers := 1     
	               11 Bit    Registers := 1     
+---Muxes : 
	   2 Input      1 Bit        Muxes := 1     
Module vio_v3_0_20_probe_out_one__parameterized0 
Detailed RTL Component Info : 
+---Registers : 
	               16 Bit    Registers := 1     
	               11 Bit    Registers := 1     
+---Muxes : 
	   2 Input      1 Bit        Muxes := 1     
Module vio_v3_0_20_probe_out_all 
Detailed RTL Component Info : 
+---Registers : 
	               16 Bit    Registers := 1     
	                1 Bit    Registers := 5     
+---Muxes : 
	   2 Input     16 Bit        Muxes := 1     
	   2 Input      1 Bit        Muxes := 2     
Module xsdbs_v1_0_2_xsdbs 
Detailed RTL Component Info : 
+---Registers : 
	              128 Bit    Registers := 1     
	               16 Bit    Registers := 2     
	                1 Bit    Registers := 1     
+---Muxes : 
	   2 Input     16 Bit        Muxes := 1     
	   2 Input      1 Bit        Muxes := 1     
Module vio_v3_0_20_decoder 
Detailed RTL Component Info : 
+---Registers : 
	               16 Bit    Registers := 2     
	                7 Bit    Registers := 1     
	                5 Bit    Registers := 1     
	                3 Bit    Registers := 2     
	                1 Bit    Registers := 9     
+---Muxes : 
	   2 Input     16 Bit        Muxes := 1     
	   2 Input      1 Bit        Muxes := 3     
Module vio_v3_0_20_vio 
Detailed RTL Component Info : 
+---Registers : 
	               16 Bit    Registers := 1     
---------------------------------------------------------------------------------
Finished RTL Hierarchical Component Statistics
---------------------------------------------------------------------------------
---------------------------------------------------------------------------------
Start Part Resource Summary
---------------------------------------------------------------------------------
Part Resources:
DSPs: 220 (col length:60)
BRAMs: 280 (col length: RAMB18 60 RAMB36 30)
---------------------------------------------------------------------------------
Finished Part Resource Summary
---------------------------------------------------------------------------------
---------------------------------------------------------------------------------
Start Cross Boundary and Area Optimization
---------------------------------------------------------------------------------
Warning: Parallel synthesis criteria is not met 
INFO: [Synth 8-3886] merging instance 'inst/PROBE_OUT_ALL_INST/G_PROBE_OUT[1].PROBE_OUT0_INST/data_int_reg[11]' (FDRE) to 'inst/PROBE_OUT_ALL_INST/G_PROBE_OUT[1].PROBE_OUT0_INST/data_int_reg[12]'
INFO: [Synth 8-3886] merging instance 'inst/PROBE_OUT_ALL_INST/G_PROBE_OUT[0].PROBE_OUT0_INST/data_int_reg[11]' (FDRE) to 'inst/PROBE_OUT_ALL_INST/G_PROBE_OUT[0].PROBE_OUT0_INST/data_int_reg[12]'
INFO: [Synth 8-3886] merging instance 'inst/PROBE_OUT_ALL_INST/G_PROBE_OUT[1].PROBE_OUT0_INST/data_int_reg[12]' (FDRE) to 'inst/PROBE_OUT_ALL_INST/G_PROBE_OUT[1].PROBE_OUT0_INST/data_int_reg[13]'
INFO: [Synth 8-3886] merging instance 'inst/PROBE_OUT_ALL_INST/G_PROBE_OUT[0].PROBE_OUT0_INST/data_int_reg[12]' (FDRE) to 'inst/PROBE_OUT_ALL_INST/G_PROBE_OUT[0].PROBE_OUT0_INST/data_int_reg[13]'
INFO: [Synth 8-3886] merging instance 'inst/PROBE_OUT_ALL_INST/G_PROBE_OUT[1].PROBE_OUT0_INST/data_int_reg[13]' (FDRE) to 'inst/PROBE_OUT_ALL_INST/G_PROBE_OUT[1].PROBE_OUT0_INST/data_int_reg[14]'
INFO: [Synth 8-3886] merging instance 'inst/PROBE_OUT_ALL_INST/G_PROBE_OUT[0].PROBE_OUT0_INST/data_int_reg[13]' (FDRE) to 'inst/PROBE_OUT_ALL_INST/G_PROBE_OUT[0].PROBE_OUT0_INST/data_int_reg[14]'
INFO: [Synth 8-3886] merging instance 'inst/PROBE_OUT_ALL_INST/G_PROBE_OUT[1].PROBE_OUT0_INST/data_int_reg[14]' (FDRE) to 'inst/PROBE_OUT_ALL_INST/G_PROBE_OUT[1].PROBE_OUT0_INST/data_int_reg[15]'
INFO: [Synth 8-3886] merging instance 'inst/PROBE_OUT_ALL_INST/G_PROBE_OUT[0].PROBE_OUT0_INST/data_int_reg[14]' (FDRE) to 'inst/PROBE_OUT_ALL_INST/G_PROBE_OUT[0].PROBE_OUT0_INST/data_int_reg[15]'
INFO: [Synth 8-3333] propagating constant 0 across sequential element (inst/\PROBE_OUT_ALL_INST/G_PROBE_OUT[1].PROBE_OUT0_INST/data_int_reg[15] )
INFO: [Synth 8-3886] merging instance 'inst/PROBE_OUT_ALL_INST/addr_p1_reg[0]' (FD) to 'inst/DECODER_INST/xsdb_addr_2_0_p1_reg[0]'
INFO: [Synth 8-3333] propagating constant 0 across sequential element (inst/\PROBE_OUT_ALL_INST/G_PROBE_OUT[0].PROBE_OUT0_INST/data_int_reg[15] )
INFO: [Synth 8-3886] merging instance 'inst/PROBE_OUT_ALL_INST/Probe_out_reg_int_reg[11]' (FD) to 'inst/PROBE_OUT_ALL_INST/Probe_out_reg_int_reg[15]'
INFO: [Synth 8-3886] merging instance 'inst/PROBE_OUT_ALL_INST/Probe_out_reg_int_reg[12]' (FD) to 'inst/PROBE_OUT_ALL_INST/Probe_out_reg_int_reg[15]'
INFO: [Synth 8-3886] merging instance 'inst/PROBE_OUT_ALL_INST/Probe_out_reg_int_reg[13]' (FD) to 'inst/PROBE_OUT_ALL_INST/Probe_out_reg_int_reg[15]'
INFO: [Synth 8-3886] merging instance 'inst/PROBE_OUT_ALL_INST/Probe_out_reg_int_reg[14]' (FD) to 'inst/PROBE_OUT_ALL_INST/Probe_out_reg_int_reg[15]'
INFO: [Synth 8-3333] propagating constant 0 across sequential element (inst/\PROBE_OUT_ALL_INST/Probe_out_reg_int_reg[15] )
---------------------------------------------------------------------------------
Finished Cross Boundary and Area Optimization : Time (s): cpu = 00:00:12 ; elapsed = 00:00:13 . Memory (MB): peak = 949.211 ; gain = 375.590
---------------------------------------------------------------------------------

Report RTL Partitions: 
+-+--------------+------------+----------+
| |RTL Partition |Replication |Instances |
+-+--------------+------------+----------+
+-+--------------+------------+----------+
---------------------------------------------------------------------------------
Start Applying XDC Timing Constraints
---------------------------------------------------------------------------------
---------------------------------------------------------------------------------
Finished Applying XDC Timing Constraints : Time (s): cpu = 00:00:18 ; elapsed = 00:00:19 . Memory (MB): peak = 949.211 ; gain = 375.590
---------------------------------------------------------------------------------
---------------------------------------------------------------------------------
Start Timing Optimization
---------------------------------------------------------------------------------
---------------------------------------------------------------------------------
Finished Timing Optimization : Time (s): cpu = 00:00:18 ; elapsed = 00:00:19 . Memory (MB): peak = 949.211 ; gain = 375.590
---------------------------------------------------------------------------------

Report RTL Partitions: 
+-+--------------+------------+----------+
| |RTL Partition |Replication |Instances |
+-+--------------+------------+----------+
+-+--------------+------------+----------+
---------------------------------------------------------------------------------
Start Technology Mapping
---------------------------------------------------------------------------------
---------------------------------------------------------------------------------
Finished Technology Mapping : Time (s): cpu = 00:00:18 ; elapsed = 00:00:19 . Memory (MB): peak = 949.211 ; gain = 375.590
---------------------------------------------------------------------------------

Report RTL Partitions: 
+-+--------------+------------+----------+
| |RTL Partition |Replication |Instances |
+-+--------------+------------+----------+
+-+--------------+------------+----------+
---------------------------------------------------------------------------------
Start IO Insertion
---------------------------------------------------------------------------------
---------------------------------------------------------------------------------
Start Flattening Before IO Insertion
---------------------------------------------------------------------------------
---------------------------------------------------------------------------------
Finished Flattening Before IO Insertion
---------------------------------------------------------------------------------
---------------------------------------------------------------------------------
Start Final Netlist Cleanup
---------------------------------------------------------------------------------
---------------------------------------------------------------------------------
Finished Final Netlist Cleanup
---------------------------------------------------------------------------------
WARNING: [Synth 8-3295] tying undriven pin inst:sl_iport0[36] to constant 0
WARNING: [Synth 8-3295] tying undriven pin inst:sl_iport0[35] to constant 0
WARNING: [Synth 8-3295] tying undriven pin inst:sl_iport0[34] to constant 0
WARNING: [Synth 8-3295] tying undriven pin inst:sl_iport0[33] to constant 0
WARNING: [Synth 8-3295] tying undriven pin inst:sl_iport0[32] to constant 0
WARNING: [Synth 8-3295] tying undriven pin inst:sl_iport0[31] to constant 0
WARNING: [Synth 8-3295] tying undriven pin inst:sl_iport0[30] to constant 0
WARNING: [Synth 8-3295] tying undriven pin inst:sl_iport0[29] to constant 0
WARNING: [Synth 8-3295] tying undriven pin inst:sl_iport0[28] to constant 0
WARNING: [Synth 8-3295] tying undriven pin inst:sl_iport0[27] to constant 0
WARNING: [Synth 8-3295] tying undriven pin inst:sl_iport0[26] to constant 0
WARNING: [Synth 8-3295] tying undriven pin inst:sl_iport0[25] to constant 0
WARNING: [Synth 8-3295] tying undriven pin inst:sl_iport0[24] to constant 0
WARNING: [Synth 8-3295] tying undriven pin inst:sl_iport0[23] to constant 0
WARNING: [Synth 8-3295] tying undriven pin inst:sl_iport0[22] to constant 0
WARNING: [Synth 8-3295] tying undriven pin inst:sl_iport0[21] to constant 0
WARNING: [Synth 8-3295] tying undriven pin inst:sl_iport0[20] to constant 0
WARNING: [Synth 8-3295] tying undriven pin inst:sl_iport0[19] to constant 0
WARNING: [Synth 8-3295] tying undriven pin inst:sl_iport0[18] to constant 0
WARNING: [Synth 8-3295] tying undriven pin inst:sl_iport0[17] to constant 0
WARNING: [Synth 8-3295] tying undriven pin inst:sl_iport0[16] to constant 0
WARNING: [Synth 8-3295] tying undriven pin inst:sl_iport0[15] to constant 0
WARNING: [Synth 8-3295] tying undriven pin inst:sl_iport0[14] to constant 0
WARNING: [Synth 8-3295] tying undriven pin inst:sl_iport0[13] to constant 0
WARNING: [Synth 8-3295] tying undriven pin inst:sl_iport0[12] to constant 0
WARNING: [Synth 8-3295] tying undriven pin inst:sl_iport0[11] to constant 0
WARNING: [Synth 8-3295] tying undriven pin inst:sl_iport0[10] to constant 0
WARNING: [Synth 8-3295] tying undriven pin inst:sl_iport0[9] to constant 0
WARNING: [Synth 8-3295] tying undriven pin inst:sl_iport0[8] to constant 0
WARNING: [Synth 8-3295] tying undriven pin inst:sl_iport0[7] to constant 0
WARNING: [Synth 8-3295] tying undriven pin inst:sl_iport0[6] to constant 0
WARNING: [Synth 8-3295] tying undriven pin inst:sl_iport0[5] to constant 0
WARNING: [Synth 8-3295] tying undriven pin inst:sl_iport0[4] to constant 0
WARNING: [Synth 8-3295] tying undriven pin inst:sl_iport0[3] to constant 0
WARNING: [Synth 8-3295] tying undriven pin inst:sl_iport0[2] to constant 0
WARNING: [Synth 8-3295] tying undriven pin inst:sl_iport0[1] to constant 0
WARNING: [Synth 8-3295] tying undriven pin inst:sl_iport0[0] to constant 0
---------------------------------------------------------------------------------
Finished IO Insertion : Time (s): cpu = 00:00:20 ; elapsed = 00:00:21 . Memory (MB): peak = 951.551 ; gain = 377.930
---------------------------------------------------------------------------------

Report Check Netlist: 
+------+------------------+-------+---------+-------+------------------+
|      |Item              |Errors |Warnings |Status |Description       |
+------+------------------+-------+---------+-------+------------------+
|1     |multi_driven_nets |      0|        0|Passed |Multi driven nets |
+------+------------------+-------+---------+-------+------------------+
---------------------------------------------------------------------------------
Start Renaming Generated Instances
---------------------------------------------------------------------------------
---------------------------------------------------------------------------------
Finished Renaming Generated Instances : Time (s): cpu = 00:00:20 ; elapsed = 00:00:21 . Memory (MB): peak = 951.551 ; gain = 377.930
---------------------------------------------------------------------------------

Report RTL Partitions: 
+-+--------------+------------+----------+
| |RTL Partition |Replication |Instances |
+-+--------------+------------+----------+
+-+--------------+------------+----------+
---------------------------------------------------------------------------------
Start Rebuilding User Hierarchy
---------------------------------------------------------------------------------
---------------------------------------------------------------------------------
Finished Rebuilding User Hierarchy : Time (s): cpu = 00:00:20 ; elapsed = 00:00:21 . Memory (MB): peak = 951.551 ; gain = 377.930
---------------------------------------------------------------------------------
---------------------------------------------------------------------------------
Start Renaming Generated Ports
---------------------------------------------------------------------------------
---------------------------------------------------------------------------------
Finished Renaming Generated Ports : Time (s): cpu = 00:00:20 ; elapsed = 00:00:21 . Memory (MB): peak = 951.551 ; gain = 377.930
---------------------------------------------------------------------------------
---------------------------------------------------------------------------------
Start Handling Custom Attributes
---------------------------------------------------------------------------------
---------------------------------------------------------------------------------
Finished Handling Custom Attributes : Time (s): cpu = 00:00:20 ; elapsed = 00:00:21 . Memory (MB): peak = 951.551 ; gain = 377.930
---------------------------------------------------------------------------------
---------------------------------------------------------------------------------
Start Renaming Generated Nets
---------------------------------------------------------------------------------
---------------------------------------------------------------------------------
Finished Renaming Generated Nets : Time (s): cpu = 00:00:20 ; elapsed = 00:00:21 . Memory (MB): peak = 951.551 ; gain = 377.930
---------------------------------------------------------------------------------
---------------------------------------------------------------------------------
Start Writing Synthesis Report
---------------------------------------------------------------------------------

Report BlackBoxes: 
+-+--------------+----------+
| |BlackBox name |Instances |
+-+--------------+----------+
+-+--------------+----------+

Report Cell Usage: 
+------+-----+------+
|      |Cell |Count |
+------+-----+------+
|1     |LUT2 |     2|
|2     |LUT3 |    36|
|3     |LUT4 |    13|
|4     |LUT5 |    13|
|5     |LUT6 |    66|
|6     |FDRE |   276|
|7     |FDSE |     8|
+------+-----+------+

Report Instance Areas: 
+------+---------------------------------------+------------------------------------------+------+
|      |Instance                               |Module                                    |Cells |
+------+---------------------------------------+------------------------------------------+------+
|1     |top                                    |                                          |   414|
|2     |  inst                                 |vio_v3_0_20_vio                           |   414|
|3     |    U_XSDB_SLAVE                       |xsdbs_v1_0_2_xsdbs                        |   248|
|4     |    DECODER_INST                       |vio_v3_0_20_decoder                       |    74|
|5     |    PROBE_OUT_ALL_INST                 |vio_v3_0_20_probe_out_all                 |    76|
|6     |      \G_PROBE_OUT[0].PROBE_OUT0_INST  |vio_v3_0_20_probe_out_one                 |    22|
|7     |      \G_PROBE_OUT[1].PROBE_OUT0_INST  |vio_v3_0_20_probe_out_one__parameterized0 |    22|
+------+---------------------------------------+------------------------------------------+------+
---------------------------------------------------------------------------------
Finished Writing Synthesis Report : Time (s): cpu = 00:00:20 ; elapsed = 00:00:21 . Memory (MB): peak = 951.551 ; gain = 377.930
---------------------------------------------------------------------------------
Synthesis finished with 0 errors, 0 critical warnings and 293 warnings.
Synthesis Optimization Runtime : Time (s): cpu = 00:00:12 ; elapsed = 00:00:19 . Memory (MB): peak = 951.551 ; gain = 255.406
Synthesis Optimization Complete : Time (s): cpu = 00:00:20 ; elapsed = 00:00:21 . Memory (MB): peak = 951.551 ; gain = 377.930
INFO: [Project 1-571] Translating synthesized netlist
INFO: [Project 1-570] Preparing netlist for logic optimization
INFO: [Opt 31-138] Pushed 0 inverter(s) to 0 load pin(s).
Netlist sorting complete. Time (s): cpu = 00:00:00 ; elapsed = 00:00:00 . Memory (MB): peak = 968.797 ; gain = 0.000
INFO: [Project 1-111] Unisim Transformation Summary:
No Unisim elements were transformed.

INFO: [Common 17-83] Releasing license: Synthesis
28 Infos, 138 Warnings, 0 Critical Warnings and 0 Errors encountered.
synth_design completed successfully
synth_design: Time (s): cpu = 00:00:25 ; elapsed = 00:00:27 . Memory (MB): peak = 968.797 ; gain = 665.602
INFO: [Common 17-600] The following parameters have non-default value.
tcl.collectionResultDisplayLimit
Netlist sorting complete. Time (s): cpu = 00:00:00 ; elapsed = 00:00:00.001 . Memory (MB): peak = 968.797 ; gain = 0.000
WARNING: [Constraints 18-5210] No constraints selected for write.
Resolution: This message can indicate that there are no constraints for the design, or it can indicate that the used_in flags are set such that the constraints are ignored. This later case is used when running synth_design to not write synthesis constraints to the resulting checkpoint. Instead, project constraints are read when the synthesized design is opened.
INFO: [Common 17-1381] The checkpoint 'C:/Users/aiai/Desktop/study/FPGA/Xlinx/picture_Make_Study/HDMI_picture/HDMI_PICTURE/HDMI_PICTURE.runs/vio_picture_synth_1/vio_picture.dcp' has been generated.
WARNING: [Common 17-576] 'use_project_ipc' is deprecated. This option is deprecated and no longer used.
INFO: [Coretcl 2-1648] Added synthesis output to IP cache for IP vio_picture, cache-ID = 18b5832c150cf3fb
INFO: [Coretcl 2-1174] Renamed 6 cell refs.
Netlist sorting complete. Time (s): cpu = 00:00:00 ; elapsed = 00:00:00.001 . Memory (MB): peak = 968.797 ; gain = 0.000
WARNING: [Constraints 18-5210] No constraints selected for write.
Resolution: This message can indicate that there are no constraints for the design, or it can indicate that the used_in flags are set such that the constraints are ignored. This later case is used when running synth_design to not write synthesis constraints to the resulting checkpoint. Instead, project constraints are read when the synthesized design is opened.
INFO: [Common 17-1381] The checkpoint 'C:/Users/aiai/Desktop/study/FPGA/Xlinx/picture_Make_Study/HDMI_picture/HDMI_PICTURE/HDMI_PICTURE.runs/vio_picture_synth_1/vio_picture.dcp' has been generated.
INFO: [runtcl-4] Executing : report_utilization -file vio_picture_utilization_synth.rpt -pb vio_picture_utilization_synth.pb
INFO: [Common 17-206] Exiting Vivado at Mon Dec 28 15:37:49 2020...
